c:\dev\castit\libxml2-2.4.9\win32\libxml2\debug\vc120.pdb
c:\dev\castit\libxml2-2.4.9\win32\libxml2\debug\vc120.idb
c:\dev\castit\libxml2-2.4.9\win32\libxml2\debug\globals.obj
c:\dev\castit\libxml2-2.4.9\win32\libxml2\debug\hash.obj
c:\dev\castit\libxml2-2.4.9\win32\libxml2\debug\htmlparser.obj
c:\dev\castit\libxml2-2.4.9\win32\libxml2\debug\htmltree.obj
c:\dev\castit\libxml2-2.4.9\win32\libxml2\debug\list.obj
c:\dev\castit\libxml2-2.4.9\win32\libxml2\debug\nanoftp.obj
c:\dev\castit\libxml2-2.4.9\win32\libxml2\debug\nanohttp.obj
c:\dev\castit\libxml2-2.4.9\win32\libxml2\debug\parser.obj
c:\dev\castit\libxml2-2.4.9\win32\libxml2\debug\parserinternals.obj
c:\dev\castit\libxml2-2.4.9\win32\libxml2\debug\sax.obj
c:\dev\castit\libxml2-2.4.9\win32\libxml2\debug\threads.obj
c:\dev\castit\libxml2-2.4.9\win32\libxml2\debug\tree.obj
c:\dev\castit\libxml2-2.4.9\win32\libxml2\debug\uri.obj
c:\dev\castit\libxml2-2.4.9\win32\libxml2\debug\valid.obj
c:\dev\castit\libxml2-2.4.9\win32\libxml2\debug\xinclude.obj
c:\dev\castit\libxml2-2.4.9\win32\libxml2\debug\xlink.obj
c:\dev\castit\libxml2-2.4.9\win32\libxml2\debug\xmlio.obj
c:\dev\castit\libxml2-2.4.9\win32\libxml2\debug\xmlmemory.obj
c:\dev\castit\libxml2-2.4.9\win32\libxml2\debug\xpath.obj
c:\dev\castit\libxml2-2.4.9\win32\libxml2\debug\xpointer.obj
c:\dev\castit\libxml2-2.4.9\win32\libxml2\debug\catalog.obj
c:\dev\castit\libxml2-2.4.9\win32\libxml2\debug\debugxml.obj
c:\dev\castit\libxml2-2.4.9\win32\libxml2\debug\docbparser.obj
c:\dev\castit\libxml2-2.4.9\win32\libxml2\debug\encoding.obj
c:\dev\castit\libxml2-2.4.9\win32\libxml2\debug\entities.obj
c:\dev\castit\libxml2-2.4.9\win32\libxml2\debug\error.obj
c:\dev\castit\libxml2-2.4.9\win32\libxml2\libxml2_a\libxml2.lib
c:\dev\castit\libxml2-2.4.9\win32\libxml2\debug\libxml2_a.tlog\cl.command.1.tlog
c:\dev\castit\libxml2-2.4.9\win32\libxml2\debug\libxml2_a.tlog\cl.read.1.tlog
c:\dev\castit\libxml2-2.4.9\win32\libxml2\debug\libxml2_a.tlog\cl.write.1.tlog
c:\dev\castit\libxml2-2.4.9\win32\libxml2\debug\libxml2_a.tlog\lib-link.write.1.tlog
c:\dev\castit\libxml2-2.4.9\win32\libxml2\debug\libxml2_a.tlog\lib.command.1.tlog
c:\dev\castit\libxml2-2.4.9\win32\libxml2\debug\libxml2_a.tlog\lib.read.1.tlog
