c:\dev\castit\debug\castit.pch
c:\dev\castit\debug\vc120.pdb
c:\dev\castit\debug\vc120.idb
c:\dev\castit\debug\stdafx.sbr
c:\dev\castit\debug\stdafx.obj
c:\dev\castit\debug\winxpbuttonst.sbr
c:\dev\castit\debug\taskbarnotifier.sbr
c:\dev\castit\debug\systemtray.sbr
c:\dev\castit\debug\stabctrl.sbr
c:\dev\castit\debug\scastd.sbr
c:\dev\castit\debug\log.sbr
c:\dev\castit\debug\hyperlink.sbr
c:\dev\castit\debug\historyedit.sbr
c:\dev\castit\debug\ftpinfo.sbr
c:\dev\castit\debug\db.sbr
c:\dev\castit\debug\configurationdialog.sbr
c:\dev\castit\debug\castit.sbr
c:\dev\castit\debug\btnst.sbr
c:\dev\castit\debug\bcmenu.sbr
c:\dev\castit\debug\addserver.sbr
c:\dev\castit\debug\addserver.obj
c:\dev\castit\debug\btnst.obj
c:\dev\castit\debug\ftpinfo.obj
c:\dev\castit\debug\historyedit.obj
c:\dev\castit\debug\hyperlink.obj
c:\dev\castit\debug\systemtray.obj
c:\dev\castit\debug\winxpbuttonst.obj
c:\dev\castit\debug\castit.tlog\cl.command.1.tlog
c:\dev\castit\debug\castit.tlog\cl.read.1.tlog
c:\dev\castit\debug\castit.tlog\cl.write.1.tlog
