06/14/06  Info(D:\PROJECTS\CastIt_9.0\CastItDlg.cpp:1088): 16/300/48
06/14/06  Info(D:\PROJECTS\CastIt_9.0\CastItDlg.cpp:1099): 102181 seconds
06/14/06  Info(D:\PROJECTS\CastIt_9.0\CastItDlg.cpp:1108): 177661
06/14/06  Info(D:\PROJECTS\CastIt_9.0\CastItDlg.cpp:1117): 129338
06/14/06  Info(D:\PROJECTS\CastIt_9.0\CastItDlg.cpp:1126): 128kbps
06/14/06  Info(D:\PROJECTS\CastIt_9.0\CastItDlg.cpp:1134): 15
06/14/06  Info(D:\PROJECTS\CastIt_9.0\CastItDlg.cpp:1088): 49/550/202
06/14/06  Info(D:\PROJECTS\CastIt_9.0\CastItDlg.cpp:1099): 20676 seconds
06/14/06  Info(D:\PROJECTS\CastIt_9.0\CastItDlg.cpp:1108): 125844
06/14/06  Info(D:\PROJECTS\CastIt_9.0\CastItDlg.cpp:1117): 40605
06/14/06  Info(D:\PROJECTS\CastIt_9.0\CastItDlg.cpp:1126): 64kbps
06/14/06  Info(D:\PROJECTS\CastIt_9.0\CastItDlg.cpp:1134): 49
06/14/06  Info(D:\PROJECTS\CastIt_9.0\CastItDlg.cpp:1142): [64kbps] - [Quality 0] - [mono] - [0khz]
06/14/06  Info(D:\PROJECTS\CastIt_9.0\CastItDlg.cpp:1151): 0/5/0
06/14/06  Info(D:\PROJECTS\CastIt_9.0\CastItDlg.cpp:1142): [128kbps] - [Quality 0] - [mono] - [0khz]
06/14/06  Info(D:\PROJECTS\CastIt_9.0\CastItDlg.cpp:1151): 2/9/0
06/14/06  Info(D:\PROJECTS\CastIt_9.0\CastItDlg.cpp:1142): [40kbps] - [Quality 0] - [joint stereo] - [44100khz]
06/14/06  Info(D:\PROJECTS\CastIt_9.0\CastItDlg.cpp:1151): 0/2/0
06/14/06  Info(D:\PROJECTS\CastIt_9.0\CastItDlg.cpp:1142): [128kbps] - [Quality 0] - [joint stereo] - [44100khz]
06/14/06  Info(D:\PROJECTS\CastIt_9.0\CastItDlg.cpp:1151): 0/5/0
06/14/06  Info(D:\PROJECTS\CastIt_9.0\CastItDlg.cpp:1142): [128kbps] - [Quality 0] - [joint stereo] - [44100khz]
06/14/06  Info(D:\PROJECTS\CastIt_9.0\CastItDlg.cpp:1151): 0/2/0
06/14/06  Info(D:\PROJECTS\CastIt_9.0\CastItDlg.cpp:1142): [32kbps] - [Quality 0] - [joint stereo] - [22050khz]
06/14/06  Info(D:\PROJECTS\CastIt_9.0\CastItDlg.cpp:1151): 0/1/0
06/14/06  Info(D:\PROJECTS\CastIt_9.0\CastItDlg.cpp:1088): 17/300/48
06/14/06  Info(D:\PROJECTS\CastIt_9.0\CastItDlg.cpp:1099): 102181 seconds
06/14/06  Info(D:\PROJECTS\CastIt_9.0\CastItDlg.cpp:1108): 177664
06/14/06  Info(D:\PROJECTS\CastIt_9.0\CastItDlg.cpp:1117): 129339
06/14/06  Info(D:\PROJECTS\CastIt_9.0\CastItDlg.cpp:1126): 128kbps
06/14/06  Info(D:\PROJECTS\CastIt_9.0\CastItDlg.cpp:1134): 16
06/14/06  Info(D:\PROJECTS\CastIt_9.0\CastItDlg.cpp:1088): 49/550/202
06/14/06  Info(D:\PROJECTS\CastIt_9.0\CastItDlg.cpp:1099): 20676 seconds
06/14/06  Info(D:\PROJECTS\CastIt_9.0\CastItDlg.cpp:1108): 125851
06/14/06  Info(D:\PROJECTS\CastIt_9.0\CastItDlg.cpp:1117): 40608
06/14/06  Info(D:\PROJECTS\CastIt_9.0\CastItDlg.cpp:1126): 64kbps
06/14/06  Info(D:\PROJECTS\CastIt_9.0\CastItDlg.cpp:1134): 49
06/14/06  Info(D:\PROJECTS\CastIt_9.0\CastItDlg.cpp:1142): [64kbps] - [Quality 0] - [mono] - [0khz]
06/14/06  Info(D:\PROJECTS\CastIt_9.0\CastItDlg.cpp:1151): 0/5/0
06/14/06  Info(D:\PROJECTS\CastIt_9.0\CastItDlg.cpp:1142): [128kbps] - [Quality 0] - [mono] - [0khz]
06/14/06  Info(D:\PROJECTS\CastIt_9.0\CastItDlg.cpp:1151): 1/9/0
06/14/06  Info(D:\PROJECTS\CastIt_9.0\CastItDlg.cpp:1142): [40kbps] - [Quality 0] - [joint stereo] - [44100khz]
06/14/06  Info(D:\PROJECTS\CastIt_9.0\CastItDlg.cpp:1151): 0/2/0
06/14/06  Info(D:\PROJECTS\CastIt_9.0\CastItDlg.cpp:1142): [128kbps] - [Quality 0] - [joint stereo] - [44100khz]
06/14/06  Info(D:\PROJECTS\CastIt_9.0\CastItDlg.cpp:1151): 0/5/0
06/14/06  Info(D:\PROJECTS\CastIt_9.0\CastItDlg.cpp:1142): [128kbps] - [Quality 0] - [joint stereo] - [44100khz]
06/14/06  Info(D:\PROJECTS\CastIt_9.0\CastItDlg.cpp:1151): 0/2/0
06/14/06  Info(D:\PROJECTS\CastIt_9.0\CastItDlg.cpp:1142): [32kbps] - [Quality 0] - [joint stereo] - [22050khz]
06/14/06  Info(D:\PROJECTS\CastIt_9.0\CastItDlg.cpp:1151): 0/1/0
06/14/06  Info(D:\PROJECTS\CastIt_9.0\CastItDlg.cpp:1088): 17/300/48
06/14/06  Info(D:\PROJECTS\CastIt_9.0\CastItDlg.cpp:1099): 102355 seconds
06/14/06  Info(D:\PROJECTS\CastIt_9.0\CastItDlg.cpp:1108): 177673
06/14/06  Info(D:\PROJECTS\CastIt_9.0\CastItDlg.cpp:1117): 129342
06/14/06  Info(D:\PROJECTS\CastIt_9.0\CastItDlg.cpp:1126): 128kbps
06/14/06  Info(D:\PROJECTS\CastIt_9.0\CastItDlg.cpp:1134): 16
06/14/06  Info(D:\PROJECTS\CastIt_9.0\CastItDlg.cpp:1088): 50/550/202
06/14/06  Info(D:\PROJECTS\CastIt_9.0\CastItDlg.cpp:1099): 20676 seconds
06/14/06  Info(D:\PROJECTS\CastIt_9.0\CastItDlg.cpp:1108): 125866
06/14/06  Info(D:\PROJECTS\CastIt_9.0\CastItDlg.cpp:1117): 40613
06/14/06  Info(D:\PROJECTS\CastIt_9.0\CastItDlg.cpp:1126): 64kbps
06/14/06  Info(D:\PROJECTS\CastIt_9.0\CastItDlg.cpp:1134): 50
06/14/06  Info(D:\PROJECTS\CastIt_9.0\CastItDlg.cpp:1142): [64kbps] - [Quality 0] - [mono] - [0khz]
06/14/06  Info(D:\PROJECTS\CastIt_9.0\CastItDlg.cpp:1151): 0/5/0
06/14/06  Info(D:\PROJECTS\CastIt_9.0\CastItDlg.cpp:1142): [128kbps] - [Quality 0] - [mono] - [0khz]
06/14/06  Info(D:\PROJECTS\CastIt_9.0\CastItDlg.cpp:1151): 1/9/0
06/14/06  Info(D:\PROJECTS\CastIt_9.0\CastItDlg.cpp:1142): [40kbps] - [Quality 0] - [joint stereo] - [44100khz]
06/14/06  Info(D:\PROJECTS\CastIt_9.0\CastItDlg.cpp:1151): 0/2/0
06/14/06  Info(D:\PROJECTS\CastIt_9.0\CastItDlg.cpp:1142): [128kbps] - [Quality 0] - [joint stereo] - [44100khz]
06/14/06  Info(D:\PROJECTS\CastIt_9.0\CastItDlg.cpp:1151): 1/5/0
06/14/06  Info(D:\PROJECTS\CastIt_9.0\CastItDlg.cpp:1142): [128kbps] - [Quality 0] - [joint stereo] - [44100khz]
06/14/06  Info(D:\PROJECTS\CastIt_9.0\CastItDlg.cpp:1151): 0/2/0
06/14/06  Info(D:\PROJECTS\CastIt_9.0\CastItDlg.cpp:1142): [32kbps] - [Quality 0] - [joint stereo] - [22050khz]
06/14/06  Info(D:\PROJECTS\CastIt_9.0\CastItDlg.cpp:1151): 0/1/0
06/14/06  Info(D:\PROJECTS\CastIt_9.0\CastItDlg.cpp:1088): 17/300/48
06/14/06  Info(D:\PROJECTS\CastIt_9.0\CastItDlg.cpp:1099): 102355 seconds
06/14/06  Info(D:\PROJECTS\CastIt_9.0\CastItDlg.cpp:1108): 177675
06/14/06  Info(D:\PROJECTS\CastIt_9.0\CastItDlg.cpp:1117): 129342
06/14/06  Info(D:\PROJECTS\CastIt_9.0\CastItDlg.cpp:1126): 128kbps
06/14/06  Info(D:\PROJECTS\CastIt_9.0\CastItDlg.cpp:1134): 16
06/14/06  Info(D:\PROJECTS\CastIt_9.0\CastItDlg.cpp:1088): 51/550/202
06/14/06  Info(D:\PROJECTS\CastIt_9.0\CastItDlg.cpp:1099): 20676 seconds
06/14/06  Info(D:\PROJECTS\CastIt_9.0\CastItDlg.cpp:1108): 125871
06/14/06  Info(D:\PROJECTS\CastIt_9.0\CastItDlg.cpp:1117): 40615
06/14/06  Info(D:\PROJECTS\CastIt_9.0\CastItDlg.cpp:1126): 64kbps
06/14/06  Info(D:\PROJECTS\CastIt_9.0\CastItDlg.cpp:1134): 51
06/14/06  Info(D:\PROJECTS\CastIt_9.0\CastItDlg.cpp:1142): [64kbps] - [Quality 0] - [mono] - [0khz]
06/14/06  Info(D:\PROJECTS\CastIt_9.0\CastItDlg.cpp:1151): 0/5/0
06/14/06  Info(D:\PROJECTS\CastIt_9.0\CastItDlg.cpp:1142): [128kbps] - [Quality 0] - [mono] - [0khz]
06/14/06  Info(D:\PROJECTS\CastIt_9.0\CastItDlg.cpp:1151): 1/9/0
06/14/06  Info(D:\PROJECTS\CastIt_9.0\CastItDlg.cpp:1142): [40kbps] - [Quality 0] - [joint stereo] - [44100khz]
06/14/06  Info(D:\PROJECTS\CastIt_9.0\CastItDlg.cpp:1151): 0/2/0
06/14/06  Info(D:\PROJECTS\CastIt_9.0\CastItDlg.cpp:1142): [128kbps] - [Quality 0] - [joint stereo] - [44100khz]
06/14/06  Info(D:\PROJECTS\CastIt_9.0\CastItDlg.cpp:1151): 1/5/0
06/14/06  Info(D:\PROJECTS\CastIt_9.0\CastItDlg.cpp:1142): [128kbps] - [Quality 0] - [joint stereo] - [44100khz]
06/14/06  Info(D:\PROJECTS\CastIt_9.0\CastItDlg.cpp:1151): 0/2/0
06/14/06  Info(D:\PROJECTS\CastIt_9.0\CastItDlg.cpp:1142): [32kbps] - [Quality 0] - [joint stereo] - [22050khz]
06/14/06  Info(D:\PROJECTS\CastIt_9.0\CastItDlg.cpp:1151): 0/1/0
06/14/06  Info(D:\PROJECTS\CastIt_9.0\CastItDlg.cpp:1088): 17/300/48
06/14/06  Info(D:\PROJECTS\CastIt_9.0\CastItDlg.cpp:1099): 102355 seconds
06/14/06  Info(D:\PROJECTS\CastIt_9.0\CastItDlg.cpp:1108): 177677
06/14/06  Info(D:\PROJECTS\CastIt_9.0\CastItDlg.cpp:1117): 129342
06/14/06  Info(D:\PROJECTS\CastIt_9.0\CastItDlg.cpp:1126): 128kbps
06/14/06  Info(D:\PROJECTS\CastIt_9.0\CastItDlg.cpp:1134): 16
06/14/06  Info(D:\PROJECTS\CastIt_9.0\CastItDlg.cpp:1088): 51/550/202
06/14/06  Info(D:\PROJECTS\CastIt_9.0\CastItDlg.cpp:1099): 20676 seconds
06/14/06  Info(D:\PROJECTS\CastIt_9.0\CastItDlg.cpp:1108): 125873
06/14/06  Info(D:\PROJECTS\CastIt_9.0\CastItDlg.cpp:1117): 40615
06/14/06  Info(D:\PROJECTS\CastIt_9.0\CastItDlg.cpp:1126): 64kbps
06/14/06  Info(D:\PROJECTS\CastIt_9.0\CastItDlg.cpp:1134): 51
06/14/06  Info(D:\PROJECTS\CastIt_9.0\CastItDlg.cpp:1142): [64kbps] - [Quality 0] - [mono] - [0khz]
06/14/06  Info(D:\PROJECTS\CastIt_9.0\CastItDlg.cpp:1151): 0/5/0
06/14/06  Info(D:\PROJECTS\CastIt_9.0\CastItDlg.cpp:1142): [128kbps] - [Quality 0] - [mono] - [0khz]
06/14/06  Info(D:\PROJECTS\CastIt_9.0\CastItDlg.cpp:1151): 1/9/0
06/14/06  Info(D:\PROJECTS\CastIt_9.0\CastItDlg.cpp:1142): [40kbps] - [Quality 0] - [joint stereo] - [44100khz]
06/14/06  Info(D:\PROJECTS\CastIt_9.0\CastItDlg.cpp:1151): 0/2/0
06/14/06  Info(D:\PROJECTS\CastIt_9.0\CastItDlg.cpp:1142): [128kbps] - [Quality 0] - [joint stereo] - [44100khz]
06/14/06  Info(D:\PROJECTS\CastIt_9.0\CastItDlg.cpp:1151): 1/5/0
06/14/06  Info(D:\PROJECTS\CastIt_9.0\CastItDlg.cpp:1142): [128kbps] - [Quality 0] - [joint stereo] - [44100khz]
06/14/06  Info(D:\PROJECTS\CastIt_9.0\CastItDlg.cpp:1151): 0/2/0
06/14/06  Info(D:\PROJECTS\CastIt_9.0\CastItDlg.cpp:1142): [32kbps] - [Quality 0] - [joint stereo] - [22050khz]
06/14/06  Info(D:\PROJECTS\CastIt_9.0\CastItDlg.cpp:1151): 0/1/0
06/14/06  Info(D:\PROJECTS\CastIt_9.0\CastItDlg.cpp:1098): 16/300/48
06/14/06  Info(D:\PROJECTS\CastIt_9.0\CastItDlg.cpp:1109): 96878 seconds
06/14/06  Info(D:\PROJECTS\CastIt_9.0\CastItDlg.cpp:1118): 177693
06/14/06  Info(D:\PROJECTS\CastIt_9.0\CastItDlg.cpp:1127): 129342
06/14/06  Info(D:\PROJECTS\CastIt_9.0\CastItDlg.cpp:1136): 128kbps
06/14/06  Info(D:\PROJECTS\CastIt_9.0\CastItDlg.cpp:1144): 15
06/14/06  Info(D:\PROJECTS\CastIt_9.0\CastItDlg.cpp:1098): 49/550/202
06/14/06  Info(D:\PROJECTS\CastIt_9.0\CastItDlg.cpp:1109): 21430 seconds
06/14/06  Info(D:\PROJECTS\CastIt_9.0\CastItDlg.cpp:1118): 125903
06/14/06  Info(D:\PROJECTS\CastIt_9.0\CastItDlg.cpp:1127): 40621
06/14/06  Info(D:\PROJECTS\CastIt_9.0\CastItDlg.cpp:1136): 64kbps
06/14/06  Info(D:\PROJECTS\CastIt_9.0\CastItDlg.cpp:1144): 49
06/14/06  Info(D:\PROJECTS\CastIt_9.0\CastItDlg.cpp:1152): [64kbps] - [Quality 0] - [mono] - [0khz]
06/14/06  Info(D:\PROJECTS\CastIt_9.0\CastItDlg.cpp:1161): 0/5/0
06/14/06  Info(D:\PROJECTS\CastIt_9.0\CastItDlg.cpp:1152): [128kbps] - [Quality 0] - [mono] - [0khz]
06/14/06  Info(D:\PROJECTS\CastIt_9.0\CastItDlg.cpp:1161): 2/9/0
06/14/06  Info(D:\PROJECTS\CastIt_9.0\CastItDlg.cpp:1152): [40kbps] - [Quality 0] - [joint stereo] - [44100khz]
06/14/06  Info(D:\PROJECTS\CastIt_9.0\CastItDlg.cpp:1161): 0/2/0
06/14/06  Info(D:\PROJECTS\CastIt_9.0\CastItDlg.cpp:1152): [128kbps] - [Quality 0] - [joint stereo] - [44100khz]
06/14/06  Info(D:\PROJECTS\CastIt_9.0\CastItDlg.cpp:1161): 1/5/0
06/14/06  Info(D:\PROJECTS\CastIt_9.0\CastItDlg.cpp:1152): [128kbps] - [Quality 0] - [joint stereo] - [44100khz]
06/14/06  Info(D:\PROJECTS\CastIt_9.0\CastItDlg.cpp:1161): 0/2/0
06/14/06  Info(D:\PROJECTS\CastIt_9.0\CastItDlg.cpp:1152): [32kbps] - [Quality 0] - [joint stereo] - [22050khz]
06/14/06  Info(D:\PROJECTS\CastIt_9.0\CastItDlg.cpp:1161): 0/1/0
06/14/06  Info(D:\PROJECTS\CastIt_9.0\CastItDlg.cpp:1103): 8/300/48
06/14/06  Info(D:\PROJECTS\CastIt_9.0\CastItDlg.cpp:1114): 178456 seconds
06/14/06  Info(D:\PROJECTS\CastIt_9.0\CastItDlg.cpp:1123): 177758
06/14/06  Info(D:\PROJECTS\CastIt_9.0\CastItDlg.cpp:1132): 129765
06/14/06  Info(D:\PROJECTS\CastIt_9.0\CastItDlg.cpp:1141): 128kbps
06/14/06  Info(D:\PROJECTS\CastIt_9.0\CastItDlg.cpp:1149): 7
06/14/06  Info(D:\PROJECTS\CastIt_9.0\CastItDlg.cpp:1103): 2/550/202
06/14/06  Info(D:\PROJECTS\CastIt_9.0\CastItDlg.cpp:1114): 22443 seconds
06/14/06  Info(D:\PROJECTS\CastIt_9.0\CastItDlg.cpp:1123): 126046
06/14/06  Info(D:\PROJECTS\CastIt_9.0\CastItDlg.cpp:1132): 40999
06/14/06  Info(D:\PROJECTS\CastIt_9.0\CastItDlg.cpp:1141): 64kbps
06/14/06  Info(D:\PROJECTS\CastIt_9.0\CastItDlg.cpp:1149): 2
06/14/06  Info(D:\PROJECTS\CastIt_9.0\CastItDlg.cpp:1157): [0kbps] - [Quality 0] - [mono] - [0khz]
06/14/06  Info(D:\PROJECTS\CastIt_9.0\CastItDlg.cpp:1166): 0/0/0
06/14/06  Info(D:\PROJECTS\CastIt_9.0\CastItDlg.cpp:1157): [128kbps] - [Quality 0] - [mono] - [0khz]
06/14/06  Info(D:\PROJECTS\CastIt_9.0\CastItDlg.cpp:1166): 2/9/0
06/14/06  Info(D:\PROJECTS\CastIt_9.0\CastItDlg.cpp:1157): [40kbps] - [Quality 0] - [joint stereo] - [44100khz]
06/14/06  Info(D:\PROJECTS\CastIt_9.0\CastItDlg.cpp:1166): 0/0/0
06/14/06  Info(D:\PROJECTS\CastIt_9.0\CastItDlg.cpp:1157): [128kbps] - [Quality 0] - [joint stereo] - [44100khz]
06/14/06  Info(D:\PROJECTS\CastIt_9.0\CastItDlg.cpp:1166): 1/1/0
06/14/06  Info(D:\PROJECTS\CastIt_9.0\CastItDlg.cpp:1157): [128kbps] - [Quality 0] - [joint stereo] - [44100khz]
06/14/06  Info(D:\PROJECTS\CastIt_9.0\CastItDlg.cpp:1166): 0/1/0
06/14/06  Info(D:\PROJECTS\CastIt_9.0\CastItDlg.cpp:1157): [32kbps] - [Quality 0] - [joint stereo] - [22050khz]
06/14/06  Info(D:\PROJECTS\CastIt_9.0\CastItDlg.cpp:1166): 0/0/0
06/14/06  Info(D:\PROJECTS\CastIt_9.0\CastItDlg.cpp:1109): 8/300/48
06/14/06  Info(D:\PROJECTS\CastIt_9.0\CastItDlg.cpp:1120): 178456 seconds
06/14/06  Info(D:\PROJECTS\CastIt_9.0\CastItDlg.cpp:1129): 177767
06/14/06  Info(D:\PROJECTS\CastIt_9.0\CastItDlg.cpp:1138): 129765
06/14/06  Info(D:\PROJECTS\CastIt_9.0\CastItDlg.cpp:1147): 128kbps
06/14/06  Info(D:\PROJECTS\CastIt_9.0\CastItDlg.cpp:1155): 7
06/14/06  Info(D:\PROJECTS\CastIt_9.0\CastItDlg.cpp:1109): 2/550/202
06/14/06  Info(D:\PROJECTS\CastIt_9.0\CastItDlg.cpp:1120): 22443 seconds
06/14/06  Info(D:\PROJECTS\CastIt_9.0\CastItDlg.cpp:1129): 126071
06/14/06  Info(D:\PROJECTS\CastIt_9.0\CastItDlg.cpp:1138): 41109
06/14/06  Info(D:\PROJECTS\CastIt_9.0\CastItDlg.cpp:1147): 64kbps
06/14/06  Info(D:\PROJECTS\CastIt_9.0\CastItDlg.cpp:1155): 2
06/14/06  Info(D:\PROJECTS\CastIt_9.0\CastItDlg.cpp:1163): [0kbps] - [Quality 0] - [mono] - [0khz]
06/14/06  Info(D:\PROJECTS\CastIt_9.0\CastItDlg.cpp:1172): 0/0/0
06/14/06  Info(D:\PROJECTS\CastIt_9.0\CastItDlg.cpp:1163): [128kbps] - [Quality 0] - [mono] - [0khz]
06/14/06  Info(D:\PROJECTS\CastIt_9.0\CastItDlg.cpp:1172): 2/9/0
06/14/06  Info(D:\PROJECTS\CastIt_9.0\CastItDlg.cpp:1163): [40kbps] - [Quality 0] - [joint stereo] - [44100khz]
06/14/06  Info(D:\PROJECTS\CastIt_9.0\CastItDlg.cpp:1172): 0/0/0
06/14/06  Info(D:\PROJECTS\CastIt_9.0\CastItDlg.cpp:1163): [128kbps] - [Quality 0] - [joint stereo] - [44100khz]
06/14/06  Info(D:\PROJECTS\CastIt_9.0\CastItDlg.cpp:1172): 1/1/0
06/14/06  Info(D:\PROJECTS\CastIt_9.0\CastItDlg.cpp:1163): [128kbps] - [Quality 0] - [joint stereo] - [44100khz]
06/14/06  Info(D:\PROJECTS\CastIt_9.0\CastItDlg.cpp:1172): 0/1/0
06/14/06  Info(D:\PROJECTS\CastIt_9.0\CastItDlg.cpp:1163): [32kbps] - [Quality 0] - [joint stereo] - [22050khz]
06/14/06  Info(D:\PROJECTS\CastIt_9.0\CastItDlg.cpp:1172): 0/0/0
06/14/06  Info(D:\PROJECTS\CastIt_9.0\CastItDlg.cpp:1109): 8/300/48
06/14/06  Info(D:\PROJECTS\CastIt_9.0\CastItDlg.cpp:1120): 178456 seconds
06/14/06  Info(D:\PROJECTS\CastIt_9.0\CastItDlg.cpp:1129): 177769
06/14/06  Info(D:\PROJECTS\CastIt_9.0\CastItDlg.cpp:1138): 129765
06/14/06  Info(D:\PROJECTS\CastIt_9.0\CastItDlg.cpp:1147): 128kbps
06/14/06  Info(D:\PROJECTS\CastIt_9.0\CastItDlg.cpp:1155): 7
06/14/06  Info(D:\PROJECTS\CastIt_9.0\CastItDlg.cpp:1109): 2/550/202
06/14/06  Info(D:\PROJECTS\CastIt_9.0\CastItDlg.cpp:1120): 22443 seconds
06/14/06  Info(D:\PROJECTS\CastIt_9.0\CastItDlg.cpp:1129): 126074
06/14/06  Info(D:\PROJECTS\CastIt_9.0\CastItDlg.cpp:1138): 41120
06/14/06  Info(D:\PROJECTS\CastIt_9.0\CastItDlg.cpp:1147): 64kbps
06/14/06  Info(D:\PROJECTS\CastIt_9.0\CastItDlg.cpp:1155): 2
06/14/06  Info(D:\PROJECTS\CastIt_9.0\CastItDlg.cpp:1163): [0kbps] - [Quality 0] - [mono] - [0khz]
06/14/06  Info(D:\PROJECTS\CastIt_9.0\CastItDlg.cpp:1172): 0/0/0
06/14/06  Info(D:\PROJECTS\CastIt_9.0\CastItDlg.cpp:1163): [128kbps] - [Quality 0] - [mono] - [0khz]
06/14/06  Info(D:\PROJECTS\CastIt_9.0\CastItDlg.cpp:1172): 2/9/0
06/14/06  Info(D:\PROJECTS\CastIt_9.0\CastItDlg.cpp:1163): [40kbps] - [Quality 0] - [joint stereo] - [44100khz]
06/14/06  Info(D:\PROJECTS\CastIt_9.0\CastItDlg.cpp:1172): 0/0/0
06/14/06  Info(D:\PROJECTS\CastIt_9.0\CastItDlg.cpp:1163): [128kbps] - [Quality 0] - [joint stereo] - [44100khz]
06/14/06  Info(D:\PROJECTS\CastIt_9.0\CastItDlg.cpp:1172): 1/1/0
06/14/06  Info(D:\PROJECTS\CastIt_9.0\CastItDlg.cpp:1163): [128kbps] - [Quality 0] - [joint stereo] - [44100khz]
06/14/06  Info(D:\PROJECTS\CastIt_9.0\CastItDlg.cpp:1172): 0/1/0
06/14/06  Info(D:\PROJECTS\CastIt_9.0\CastItDlg.cpp:1163): [32kbps] - [Quality 0] - [joint stereo] - [22050khz]
06/14/06  Info(D:\PROJECTS\CastIt_9.0\CastItDlg.cpp:1172): 0/0/0
06/14/06  Info(D:\PROJECTS\CastIt_9.0\CastItDlg.cpp:1109): 8/300/48
06/14/06  Info(D:\PROJECTS\CastIt_9.0\CastItDlg.cpp:1120): 178456 seconds
06/14/06  Info(D:\PROJECTS\CastIt_9.0\CastItDlg.cpp:1129): 177770
06/14/06  Info(D:\PROJECTS\CastIt_9.0\CastItDlg.cpp:1138): 129765
06/14/06  Info(D:\PROJECTS\CastIt_9.0\CastItDlg.cpp:1147): 128kbps
06/14/06  Info(D:\PROJECTS\CastIt_9.0\CastItDlg.cpp:1155): 7
06/14/06  Info(D:\PROJECTS\CastIt_9.0\CastItDlg.cpp:1109): 2/550/202
06/14/06  Info(D:\PROJECTS\CastIt_9.0\CastItDlg.cpp:1120): 22443 seconds
06/14/06  Info(D:\PROJECTS\CastIt_9.0\CastItDlg.cpp:1129): 126077
06/14/06  Info(D:\PROJECTS\CastIt_9.0\CastItDlg.cpp:1138): 41130
06/14/06  Info(D:\PROJECTS\CastIt_9.0\CastItDlg.cpp:1147): 64kbps
06/14/06  Info(D:\PROJECTS\CastIt_9.0\CastItDlg.cpp:1155): 2
06/14/06  Info(D:\PROJECTS\CastIt_9.0\CastItDlg.cpp:1163): [0kbps] - [Quality 0] - [mono] - [0khz]
06/14/06  Info(D:\PROJECTS\CastIt_9.0\CastItDlg.cpp:1172): 0/0/0
06/14/06  Info(D:\PROJECTS\CastIt_9.0\CastItDlg.cpp:1163): [128kbps] - [Quality 0] - [mono] - [0khz]
06/14/06  Info(D:\PROJECTS\CastIt_9.0\CastItDlg.cpp:1172): 2/9/0
06/14/06  Info(D:\PROJECTS\CastIt_9.0\CastItDlg.cpp:1163): [40kbps] - [Quality 0] - [joint stereo] - [44100khz]
06/14/06  Info(D:\PROJECTS\CastIt_9.0\CastItDlg.cpp:1172): 0/0/0
06/14/06  Info(D:\PROJECTS\CastIt_9.0\CastItDlg.cpp:1163): [128kbps] - [Quality 0] - [joint stereo] - [44100khz]
06/14/06  Info(D:\PROJECTS\CastIt_9.0\CastItDlg.cpp:1172): 1/1/0
06/14/06  Info(D:\PROJECTS\CastIt_9.0\CastItDlg.cpp:1163): [128kbps] - [Quality 0] - [joint stereo] - [44100khz]
06/14/06  Info(D:\PROJECTS\CastIt_9.0\CastItDlg.cpp:1172): 0/1/0
06/14/06  Info(D:\PROJECTS\CastIt_9.0\CastItDlg.cpp:1163): [32kbps] - [Quality 0] - [joint stereo] - [22050khz]
06/14/06  Info(D:\PROJECTS\CastIt_9.0\CastItDlg.cpp:1172): 0/0/0
06/14/06  Info(D:\PROJECTS\CastIt_9.0\CastItDlg.cpp:1109): 8/300/48
06/14/06  Info(D:\PROJECTS\CastIt_9.0\CastItDlg.cpp:1120): 178456 seconds
06/14/06  Info(D:\PROJECTS\CastIt_9.0\CastItDlg.cpp:1129): 177773
06/14/06  Info(D:\PROJECTS\CastIt_9.0\CastItDlg.cpp:1138): 129765
06/14/06  Info(D:\PROJECTS\CastIt_9.0\CastItDlg.cpp:1147): 128kbps
06/14/06  Info(D:\PROJECTS\CastIt_9.0\CastItDlg.cpp:1155): 7
06/14/06  Info(D:\PROJECTS\CastIt_9.0\CastItDlg.cpp:1109): 2/550/202
06/14/06  Info(D:\PROJECTS\CastIt_9.0\CastItDlg.cpp:1120): 22443 seconds
06/14/06  Info(D:\PROJECTS\CastIt_9.0\CastItDlg.cpp:1129): 126085
06/14/06  Info(D:\PROJECTS\CastIt_9.0\CastItDlg.cpp:1138): 41177
06/14/06  Info(D:\PROJECTS\CastIt_9.0\CastItDlg.cpp:1147): 64kbps
06/14/06  Info(D:\PROJECTS\CastIt_9.0\CastItDlg.cpp:1155): 2
06/14/06  Info(D:\PROJECTS\CastIt_9.0\CastItDlg.cpp:1163): [0kbps] - [Quality 0] - [mono] - [0khz]
06/14/06  Info(D:\PROJECTS\CastIt_9.0\CastItDlg.cpp:1172): 0/0/0
06/14/06  Info(D:\PROJECTS\CastIt_9.0\CastItDlg.cpp:1163): [128kbps] - [Quality 0] - [mono] - [0khz]
06/14/06  Info(D:\PROJECTS\CastIt_9.0\CastItDlg.cpp:1172): 2/9/0
06/14/06  Info(D:\PROJECTS\CastIt_9.0\CastItDlg.cpp:1163): [40kbps] - [Quality 0] - [joint stereo] - [44100khz]
06/14/06  Info(D:\PROJECTS\CastIt_9.0\CastItDlg.cpp:1172): 0/0/0
06/14/06  Info(D:\PROJECTS\CastIt_9.0\CastItDlg.cpp:1163): [128kbps] - [Quality 0] - [joint stereo] - [44100khz]
06/14/06  Info(D:\PROJECTS\CastIt_9.0\CastItDlg.cpp:1172): 1/1/0
06/14/06  Info(D:\PROJECTS\CastIt_9.0\CastItDlg.cpp:1163): [128kbps] - [Quality 0] - [joint stereo] - [44100khz]
06/14/06  Info(D:\PROJECTS\CastIt_9.0\CastItDlg.cpp:1172): 0/1/0
06/14/06  Info(D:\PROJECTS\CastIt_9.0\CastItDlg.cpp:1163): [32kbps] - [Quality 0] - [joint stereo] - [22050khz]
06/14/06  Info(D:\PROJECTS\CastIt_9.0\CastItDlg.cpp:1172): 0/0/0
06/14/06  Info(D:\PROJECTS\CastIt_9.0\CastItDlg.cpp:1109): 8/300/48
06/14/06  Info(D:\PROJECTS\CastIt_9.0\CastItDlg.cpp:1120): 178456 seconds
06/14/06  Info(D:\PROJECTS\CastIt_9.0\CastItDlg.cpp:1129): 177779
06/14/06  Info(D:\PROJECTS\CastIt_9.0\CastItDlg.cpp:1138): 129765
06/14/06  Info(D:\PROJECTS\CastIt_9.0\CastItDlg.cpp:1147): 128kbps
06/14/06  Info(D:\PROJECTS\CastIt_9.0\CastItDlg.cpp:1155): 7
06/14/06  Info(D:\PROJECTS\CastIt_9.0\CastItDlg.cpp:1109): 2/550/202
06/14/06  Info(D:\PROJECTS\CastIt_9.0\CastItDlg.cpp:1120): 22443 seconds
06/14/06  Info(D:\PROJECTS\CastIt_9.0\CastItDlg.cpp:1129): 126091
06/14/06  Info(D:\PROJECTS\CastIt_9.0\CastItDlg.cpp:1138): 41193
06/14/06  Info(D:\PROJECTS\CastIt_9.0\CastItDlg.cpp:1147): 64kbps
06/14/06  Info(D:\PROJECTS\CastIt_9.0\CastItDlg.cpp:1155): 2
06/14/06  Info(D:\PROJECTS\CastIt_9.0\CastItDlg.cpp:1163): [0kbps] - [Quality 0] - [mono] - [0khz]
06/14/06  Info(D:\PROJECTS\CastIt_9.0\CastItDlg.cpp:1172): 0/0/0
06/14/06  Info(D:\PROJECTS\CastIt_9.0\CastItDlg.cpp:1163): [128kbps] - [Quality 0] - [mono] - [0khz]
06/14/06  Info(D:\PROJECTS\CastIt_9.0\CastItDlg.cpp:1172): 2/9/0
06/14/06  Info(D:\PROJECTS\CastIt_9.0\CastItDlg.cpp:1163): [40kbps] - [Quality 0] - [joint stereo] - [44100khz]
06/14/06  Info(D:\PROJECTS\CastIt_9.0\CastItDlg.cpp:1172): 0/0/0
06/14/06  Info(D:\PROJECTS\CastIt_9.0\CastItDlg.cpp:1163): [128kbps] - [Quality 0] - [joint stereo] - [44100khz]
06/14/06  Info(D:\PROJECTS\CastIt_9.0\CastItDlg.cpp:1172): 1/1/0
06/14/06  Info(D:\PROJECTS\CastIt_9.0\CastItDlg.cpp:1163): [128kbps] - [Quality 0] - [joint stereo] - [44100khz]
06/14/06  Info(D:\PROJECTS\CastIt_9.0\CastItDlg.cpp:1172): 0/1/0
06/14/06  Info(D:\PROJECTS\CastIt_9.0\CastItDlg.cpp:1163): [32kbps] - [Quality 0] - [joint stereo] - [22050khz]
06/14/06  Info(D:\PROJECTS\CastIt_9.0\CastItDlg.cpp:1172): 0/0/0
06/14/06  Info(D:\PROJECTS\CastIt_9.0\CastItDlg.cpp:1109): 8/300/48
06/14/06  Info(D:\PROJECTS\CastIt_9.0\CastItDlg.cpp:1120): 178456 seconds
06/14/06  Info(D:\PROJECTS\CastIt_9.0\CastItDlg.cpp:1129): 177781
06/14/06  Info(D:\PROJECTS\CastIt_9.0\CastItDlg.cpp:1138): 129765
06/14/06  Info(D:\PROJECTS\CastIt_9.0\CastItDlg.cpp:1147): 128kbps
06/14/06  Info(D:\PROJECTS\CastIt_9.0\CastItDlg.cpp:1155): 7
06/14/06  Info(D:\PROJECTS\CastIt_9.0\CastItDlg.cpp:1109): 2/550/202
06/14/06  Info(D:\PROJECTS\CastIt_9.0\CastItDlg.cpp:1120): 22443 seconds
06/14/06  Info(D:\PROJECTS\CastIt_9.0\CastItDlg.cpp:1129): 126100
06/14/06  Info(D:\PROJECTS\CastIt_9.0\CastItDlg.cpp:1138): 41229
06/14/06  Info(D:\PROJECTS\CastIt_9.0\CastItDlg.cpp:1147): 64kbps
06/14/06  Info(D:\PROJECTS\CastIt_9.0\CastItDlg.cpp:1155): 2
06/14/06  Info(D:\PROJECTS\CastIt_9.0\CastItDlg.cpp:1163): [0kbps] - [Quality 0] - [mono] - [0khz]
06/14/06  Info(D:\PROJECTS\CastIt_9.0\CastItDlg.cpp:1172): 0/0/0
06/14/06  Info(D:\PROJECTS\CastIt_9.0\CastItDlg.cpp:1163): [128kbps] - [Quality 0] - [mono] - [0khz]
06/14/06  Info(D:\PROJECTS\CastIt_9.0\CastItDlg.cpp:1172): 1/9/0
06/14/06  Info(D:\PROJECTS\CastIt_9.0\CastItDlg.cpp:1163): [40kbps] - [Quality 0] - [joint stereo] - [44100khz]
06/14/06  Info(D:\PROJECTS\CastIt_9.0\CastItDlg.cpp:1172): 0/0/0
06/14/06  Info(D:\PROJECTS\CastIt_9.0\CastItDlg.cpp:1163): [128kbps] - [Quality 0] - [joint stereo] - [44100khz]
06/14/06  Info(D:\PROJECTS\CastIt_9.0\CastItDlg.cpp:1172): 1/1/0
06/14/06  Info(D:\PROJECTS\CastIt_9.0\CastItDlg.cpp:1163): [128kbps] - [Quality 0] - [joint stereo] - [44100khz]
06/14/06  Info(D:\PROJECTS\CastIt_9.0\CastItDlg.cpp:1172): 0/1/0
06/14/06  Info(D:\PROJECTS\CastIt_9.0\CastItDlg.cpp:1163): [32kbps] - [Quality 0] - [joint stereo] - [22050khz]
06/14/06  Info(D:\PROJECTS\CastIt_9.0\CastItDlg.cpp:1172): 0/0/0
06/14/06  Info(D:\PROJECTS\CastIt_9.0\CastItDlg.cpp:1109): 8/300/48
06/14/06  Info(D:\PROJECTS\CastIt_9.0\CastItDlg.cpp:1120): 178456 seconds
06/14/06  Info(D:\PROJECTS\CastIt_9.0\CastItDlg.cpp:1129): 177784
06/14/06  Info(D:\PROJECTS\CastIt_9.0\CastItDlg.cpp:1138): 129765
06/14/06  Info(D:\PROJECTS\CastIt_9.0\CastItDlg.cpp:1147): 128kbps
06/14/06  Info(D:\PROJECTS\CastIt_9.0\CastItDlg.cpp:1155): 7
06/14/06  Info(D:\PROJECTS\CastIt_9.0\CastItDlg.cpp:1109): 2/550/202
06/14/06  Info(D:\PROJECTS\CastIt_9.0\CastItDlg.cpp:1120): 22443 seconds
06/14/06  Info(D:\PROJECTS\CastIt_9.0\CastItDlg.cpp:1129): 126105
06/14/06  Info(D:\PROJECTS\CastIt_9.0\CastItDlg.cpp:1138): 41261
06/14/06  Info(D:\PROJECTS\CastIt_9.0\CastItDlg.cpp:1147): 64kbps
06/14/06  Info(D:\PROJECTS\CastIt_9.0\CastItDlg.cpp:1155): 2
06/14/06  Info(D:\PROJECTS\CastIt_9.0\CastItDlg.cpp:1163): [0kbps] - [Quality 0] - [mono] - [0khz]
06/14/06  Info(D:\PROJECTS\CastIt_9.0\CastItDlg.cpp:1172): 0/0/0
06/14/06  Info(D:\PROJECTS\CastIt_9.0\CastItDlg.cpp:1163): [128kbps] - [Quality 0] - [mono] - [0khz]
06/14/06  Info(D:\PROJECTS\CastIt_9.0\CastItDlg.cpp:1172): 1/9/0
06/14/06  Info(D:\PROJECTS\CastIt_9.0\CastItDlg.cpp:1163): [40kbps] - [Quality 0] - [joint stereo] - [44100khz]
06/14/06  Info(D:\PROJECTS\CastIt_9.0\CastItDlg.cpp:1172): 0/0/0
06/14/06  Info(D:\PROJECTS\CastIt_9.0\CastItDlg.cpp:1163): [128kbps] - [Quality 0] - [joint stereo] - [44100khz]
06/14/06  Info(D:\PROJECTS\CastIt_9.0\CastItDlg.cpp:1172): 1/1/0
06/14/06  Info(D:\PROJECTS\CastIt_9.0\CastItDlg.cpp:1163): [128kbps] - [Quality 0] - [joint stereo] - [44100khz]
06/14/06  Info(D:\PROJECTS\CastIt_9.0\CastItDlg.cpp:1172): 0/1/0
06/14/06  Info(D:\PROJECTS\CastIt_9.0\CastItDlg.cpp:1163): [32kbps] - [Quality 0] - [joint stereo] - [22050khz]
06/14/06  Info(D:\PROJECTS\CastIt_9.0\CastItDlg.cpp:1172): 0/0/0
06/14/06  Info(D:\PROJECTS\CastIt_9.0\CastItDlg.cpp:1109): 9/300/48
06/14/06  Info(D:\PROJECTS\CastIt_9.0\CastItDlg.cpp:1120): 159388 seconds
06/14/06  Info(D:\PROJECTS\CastIt_9.0\CastItDlg.cpp:1129): 177793
06/14/06  Info(D:\PROJECTS\CastIt_9.0\CastItDlg.cpp:1138): 129767
06/14/06  Info(D:\PROJECTS\CastIt_9.0\CastItDlg.cpp:1147): 128kbps
06/14/06  Info(D:\PROJECTS\CastIt_9.0\CastItDlg.cpp:1155): 8
06/14/06  Info(D:\PROJECTS\CastIt_9.0\CastItDlg.cpp:1109): 2/550/202
06/14/06  Info(D:\PROJECTS\CastIt_9.0\CastItDlg.cpp:1120): 22443 seconds
06/14/06  Info(D:\PROJECTS\CastIt_9.0\CastItDlg.cpp:1129): 126120
06/14/06  Info(D:\PROJECTS\CastIt_9.0\CastItDlg.cpp:1138): 41372
06/14/06  Info(D:\PROJECTS\CastIt_9.0\CastItDlg.cpp:1147): 64kbps
06/14/06  Info(D:\PROJECTS\CastIt_9.0\CastItDlg.cpp:1155): 2
06/14/06  Info(D:\PROJECTS\CastIt_9.0\CastItDlg.cpp:1163): [0kbps] - [Quality 0] - [mono] - [0khz]
06/14/06  Info(D:\PROJECTS\CastIt_9.0\CastItDlg.cpp:1172): 0/0/0
06/14/06  Info(D:\PROJECTS\CastIt_9.0\CastItDlg.cpp:1163): [128kbps] - [Quality 0] - [mono] - [0khz]
06/14/06  Info(D:\PROJECTS\CastIt_9.0\CastItDlg.cpp:1172): 1/9/0
06/14/06  Info(D:\PROJECTS\CastIt_9.0\CastItDlg.cpp:1163): [40kbps] - [Quality 0] - [joint stereo] - [44100khz]
06/14/06  Info(D:\PROJECTS\CastIt_9.0\CastItDlg.cpp:1172): 0/0/0
06/14/06  Info(D:\PROJECTS\CastIt_9.0\CastItDlg.cpp:1163): [128kbps] - [Quality 0] - [joint stereo] - [44100khz]
06/14/06  Info(D:\PROJECTS\CastIt_9.0\CastItDlg.cpp:1172): 1/1/0
06/14/06  Info(D:\PROJECTS\CastIt_9.0\CastItDlg.cpp:1163): [128kbps] - [Quality 0] - [joint stereo] - [44100khz]
06/14/06  Info(D:\PROJECTS\CastIt_9.0\CastItDlg.cpp:1172): 0/1/0
06/14/06  Info(D:\PROJECTS\CastIt_9.0\CastItDlg.cpp:1163): [32kbps] - [Quality 0] - [joint stereo] - [22050khz]
06/14/06  Info(D:\PROJECTS\CastIt_9.0\CastItDlg.cpp:1172): 0/0/0
06/14/06  Info(D:\PROJECTS\CastIt_9.0\CastItDlg.cpp:1109): 9/300/48
06/14/06  Info(D:\PROJECTS\CastIt_9.0\CastItDlg.cpp:1120): 159388 seconds
06/14/06  Info(D:\PROJECTS\CastIt_9.0\CastItDlg.cpp:1129): 177795
06/14/06  Info(D:\PROJECTS\CastIt_9.0\CastItDlg.cpp:1138): 129768
06/14/06  Info(D:\PROJECTS\CastIt_9.0\CastItDlg.cpp:1147): 128kbps
06/14/06  Info(D:\PROJECTS\CastIt_9.0\CastItDlg.cpp:1155): 8
06/14/06  Info(D:\PROJECTS\CastIt_9.0\CastItDlg.cpp:1109): 2/550/202
06/14/06  Info(D:\PROJECTS\CastIt_9.0\CastItDlg.cpp:1120): 22443 seconds
06/14/06  Info(D:\PROJECTS\CastIt_9.0\CastItDlg.cpp:1129): 126123
06/14/06  Info(D:\PROJECTS\CastIt_9.0\CastItDlg.cpp:1138): 41385
06/14/06  Info(D:\PROJECTS\CastIt_9.0\CastItDlg.cpp:1147): 64kbps
06/14/06  Info(D:\PROJECTS\CastIt_9.0\CastItDlg.cpp:1155): 2
06/14/06  Info(D:\PROJECTS\CastIt_9.0\CastItDlg.cpp:1163): [0kbps] - [Quality 0] - [mono] - [0khz]
06/14/06  Info(D:\PROJECTS\CastIt_9.0\CastItDlg.cpp:1172): 0/0/0
06/14/06  Info(D:\PROJECTS\CastIt_9.0\CastItDlg.cpp:1163): [128kbps] - [Quality 0] - [mono] - [0khz]
06/14/06  Info(D:\PROJECTS\CastIt_9.0\CastItDlg.cpp:1172): 1/9/0
06/14/06  Info(D:\PROJECTS\CastIt_9.0\CastItDlg.cpp:1163): [40kbps] - [Quality 0] - [joint stereo] - [44100khz]
06/14/06  Info(D:\PROJECTS\CastIt_9.0\CastItDlg.cpp:1172): 0/0/0
06/14/06  Info(D:\PROJECTS\CastIt_9.0\CastItDlg.cpp:1163): [128kbps] - [Quality 0] - [joint stereo] - [44100khz]
06/14/06  Info(D:\PROJECTS\CastIt_9.0\CastItDlg.cpp:1172): 1/1/0
06/14/06  Info(D:\PROJECTS\CastIt_9.0\CastItDlg.cpp:1163): [128kbps] - [Quality 0] - [joint stereo] - [44100khz]
06/14/06  Info(D:\PROJECTS\CastIt_9.0\CastItDlg.cpp:1172): 0/1/0
06/14/06  Info(D:\PROJECTS\CastIt_9.0\CastItDlg.cpp:1163): [32kbps] - [Quality 0] - [joint stereo] - [22050khz]
06/14/06  Info(D:\PROJECTS\CastIt_9.0\CastItDlg.cpp:1172): 0/0/0
06/14/06  Info(D:\PROJECTS\CastIt_9.0\CastItDlg.cpp:1110): 10/300/48
06/14/06  Info(D:\PROJECTS\CastIt_9.0\CastItDlg.cpp:1121): 131493 seconds
06/14/06  Info(D:\PROJECTS\CastIt_9.0\CastItDlg.cpp:1130): 177849
06/14/06  Info(D:\PROJECTS\CastIt_9.0\CastItDlg.cpp:1139): 129772
06/14/06  Info(D:\PROJECTS\CastIt_9.0\CastItDlg.cpp:1148): 128kbps
06/14/06  Info(D:\PROJECTS\CastIt_9.0\CastItDlg.cpp:1156): 9
06/14/06  Info(D:\PROJECTS\CastIt_9.0\CastItDlg.cpp:1110): 2/550/202
06/14/06  Info(D:\PROJECTS\CastIt_9.0\CastItDlg.cpp:1121): 22443 seconds
06/14/06  Info(D:\PROJECTS\CastIt_9.0\CastItDlg.cpp:1130): 126257
06/14/06  Info(D:\PROJECTS\CastIt_9.0\CastItDlg.cpp:1139): 42046
06/14/06  Info(D:\PROJECTS\CastIt_9.0\CastItDlg.cpp:1148): 64kbps
06/14/06  Info(D:\PROJECTS\CastIt_9.0\CastItDlg.cpp:1156): 2
06/14/06  Info(D:\PROJECTS\CastIt_9.0\CastItDlg.cpp:1164): [0kbps] - [Quality 0] - [mono] - [0khz]
06/14/06  Info(D:\PROJECTS\CastIt_9.0\CastItDlg.cpp:1173): 0/0/0
06/14/06  Info(D:\PROJECTS\CastIt_9.0\CastItDlg.cpp:1164): [128kbps] - [Quality 0] - [mono] - [0khz]
06/14/06  Info(D:\PROJECTS\CastIt_9.0\CastItDlg.cpp:1173): 2/9/0
06/14/06  Info(D:\PROJECTS\CastIt_9.0\CastItDlg.cpp:1164): [40kbps] - [Quality 0] - [joint stereo] - [44100khz]
06/14/06  Info(D:\PROJECTS\CastIt_9.0\CastItDlg.cpp:1173): 0/0/0
06/14/06  Info(D:\PROJECTS\CastIt_9.0\CastItDlg.cpp:1164): [128kbps] - [Quality 0] - [joint stereo] - [44100khz]
06/14/06  Info(D:\PROJECTS\CastIt_9.0\CastItDlg.cpp:1173): 1/1/0
06/14/06  Info(D:\PROJECTS\CastIt_9.0\CastItDlg.cpp:1164): [128kbps] - [Quality 0] - [joint stereo] - [44100khz]
06/14/06  Info(D:\PROJECTS\CastIt_9.0\CastItDlg.cpp:1173): 0/1/0
06/14/06  Info(D:\PROJECTS\CastIt_9.0\CastItDlg.cpp:1164): [32kbps] - [Quality 0] - [joint stereo] - [22050khz]
06/14/06  Info(D:\PROJECTS\CastIt_9.0\CastItDlg.cpp:1173): 0/0/0
06/14/06  Info(D:\PROJECTS\CastIt_9.0\CastItDlg.cpp:1110): 10/300/48
06/14/06  Info(D:\PROJECTS\CastIt_9.0\CastItDlg.cpp:1121): 131493 seconds
06/14/06  Info(D:\PROJECTS\CastIt_9.0\CastItDlg.cpp:1130): 177851
06/14/06  Info(D:\PROJECTS\CastIt_9.0\CastItDlg.cpp:1139): 129772
06/14/06  Info(D:\PROJECTS\CastIt_9.0\CastItDlg.cpp:1148): 128kbps
06/14/06  Info(D:\PROJECTS\CastIt_9.0\CastItDlg.cpp:1156): 9
06/14/06  Info(D:\PROJECTS\CastIt_9.0\CastItDlg.cpp:1110): 2/550/202
06/14/06  Info(D:\PROJECTS\CastIt_9.0\CastItDlg.cpp:1121): 22443 seconds
06/14/06  Info(D:\PROJECTS\CastIt_9.0\CastItDlg.cpp:1130): 126266
06/14/06  Info(D:\PROJECTS\CastIt_9.0\CastItDlg.cpp:1139): 42071
06/14/06  Info(D:\PROJECTS\CastIt_9.0\CastItDlg.cpp:1148): 64kbps
06/14/06  Info(D:\PROJECTS\CastIt_9.0\CastItDlg.cpp:1156): 2
06/14/06  Info(D:\PROJECTS\CastIt_9.0\CastItDlg.cpp:1164): [0kbps] - [Quality 0] - [mono] - [0khz]
06/14/06  Info(D:\PROJECTS\CastIt_9.0\CastItDlg.cpp:1173): 0/0/0
06/14/06  Info(D:\PROJECTS\CastIt_9.0\CastItDlg.cpp:1164): [128kbps] - [Quality 0] - [mono] - [0khz]
06/14/06  Info(D:\PROJECTS\CastIt_9.0\CastItDlg.cpp:1173): 2/9/0
06/14/06  Info(D:\PROJECTS\CastIt_9.0\CastItDlg.cpp:1164): [40kbps] - [Quality 0] - [joint stereo] - [44100khz]
06/14/06  Info(D:\PROJECTS\CastIt_9.0\CastItDlg.cpp:1173): 0/0/0
06/14/06  Info(D:\PROJECTS\CastIt_9.0\CastItDlg.cpp:1164): [128kbps] - [Quality 0] - [joint stereo] - [44100khz]
06/14/06  Info(D:\PROJECTS\CastIt_9.0\CastItDlg.cpp:1173): 1/1/0
06/14/06  Info(D:\PROJECTS\CastIt_9.0\CastItDlg.cpp:1164): [128kbps] - [Quality 0] - [joint stereo] - [44100khz]
06/14/06  Info(D:\PROJECTS\CastIt_9.0\CastItDlg.cpp:1173): 0/1/0
06/14/06  Info(D:\PROJECTS\CastIt_9.0\CastItDlg.cpp:1164): [32kbps] - [Quality 0] - [joint stereo] - [22050khz]
06/14/06  Info(D:\PROJECTS\CastIt_9.0\CastItDlg.cpp:1173): 0/0/0
06/14/06  Info(D:\PROJECTS\CastIt_9.0\CastItDlg.cpp:1110): 10/300/48
06/14/06  Info(D:\PROJECTS\CastIt_9.0\CastItDlg.cpp:1121): 131493 seconds
06/14/06  Info(D:\PROJECTS\CastIt_9.0\CastItDlg.cpp:1130): 177852
06/14/06  Info(D:\PROJECTS\CastIt_9.0\CastItDlg.cpp:1139): 129772
06/14/06  Info(D:\PROJECTS\CastIt_9.0\CastItDlg.cpp:1148): 128kbps
06/14/06  Info(D:\PROJECTS\CastIt_9.0\CastItDlg.cpp:1156): 9
06/14/06  Info(D:\PROJECTS\CastIt_9.0\CastItDlg.cpp:1110): 2/550/202
06/14/06  Info(D:\PROJECTS\CastIt_9.0\CastItDlg.cpp:1121): 22443 seconds
06/14/06  Info(D:\PROJECTS\CastIt_9.0\CastItDlg.cpp:1130): 126270
06/14/06  Info(D:\PROJECTS\CastIt_9.0\CastItDlg.cpp:1139): 42087
06/14/06  Info(D:\PROJECTS\CastIt_9.0\CastItDlg.cpp:1148): 64kbps
06/14/06  Info(D:\PROJECTS\CastIt_9.0\CastItDlg.cpp:1156): 2
06/14/06  Info(D:\PROJECTS\CastIt_9.0\CastItDlg.cpp:1164): [128kbps] - [Quality 0] - [mono] - [0khz]
06/14/06  Info(D:\PROJECTS\CastIt_9.0\CastItDlg.cpp:1173): 2/9/0
06/14/06  Info(D:\PROJECTS\CastIt_9.0\CastItDlg.cpp:1164): [40kbps] - [Quality 0] - [joint stereo] - [44100khz]
06/14/06  Info(D:\PROJECTS\CastIt_9.0\CastItDlg.cpp:1173): 0/0/0
06/14/06  Info(D:\PROJECTS\CastIt_9.0\CastItDlg.cpp:1164): [128kbps] - [Quality 0] - [joint stereo] - [44100khz]
06/14/06  Info(D:\PROJECTS\CastIt_9.0\CastItDlg.cpp:1173): 1/1/0
06/14/06  Info(D:\PROJECTS\CastIt_9.0\CastItDlg.cpp:1164): [128kbps] - [Quality 0] - [joint stereo] - [44100khz]
06/14/06  Info(D:\PROJECTS\CastIt_9.0\CastItDlg.cpp:1173): 0/1/0
06/14/06  Info(D:\PROJECTS\CastIt_9.0\CastItDlg.cpp:1164): [32kbps] - [Quality 0] - [joint stereo] - [22050khz]
06/14/06  Info(D:\PROJECTS\CastIt_9.0\CastItDlg.cpp:1173): 0/0/0
06/14/06  Info(D:\PROJECTS\CastIt_9.0\CastItDlg.cpp:1110): 10/300/48
06/14/06  Info(D:\PROJECTS\CastIt_9.0\CastItDlg.cpp:1121): 131493 seconds
06/14/06  Info(D:\PROJECTS\CastIt_9.0\CastItDlg.cpp:1130): 177853
06/14/06  Info(D:\PROJECTS\CastIt_9.0\CastItDlg.cpp:1139): 129772
06/14/06  Info(D:\PROJECTS\CastIt_9.0\CastItDlg.cpp:1148): 128kbps
06/14/06  Info(D:\PROJECTS\CastIt_9.0\CastItDlg.cpp:1156): 9
06/14/06  Info(D:\PROJECTS\CastIt_9.0\CastItDlg.cpp:1110): 2/550/202
06/14/06  Info(D:\PROJECTS\CastIt_9.0\CastItDlg.cpp:1121): 22443 seconds
06/14/06  Info(D:\PROJECTS\CastIt_9.0\CastItDlg.cpp:1130): 126271
06/14/06  Info(D:\PROJECTS\CastIt_9.0\CastItDlg.cpp:1139): 42093
06/14/06  Info(D:\PROJECTS\CastIt_9.0\CastItDlg.cpp:1148): 64kbps
06/14/06  Info(D:\PROJECTS\CastIt_9.0\CastItDlg.cpp:1156): 2
06/14/06  Info(D:\PROJECTS\CastIt_9.0\CastItDlg.cpp:1164): [128kbps] - [Quality 0] - [mono] - [0khz]
06/14/06  Info(D:\PROJECTS\CastIt_9.0\CastItDlg.cpp:1173): 2/9/0
06/14/06  Info(D:\PROJECTS\CastIt_9.0\CastItDlg.cpp:1164): [40kbps] - [Quality 0] - [joint stereo] - [44100khz]
06/14/06  Info(D:\PROJECTS\CastIt_9.0\CastItDlg.cpp:1173): 0/0/0
06/14/06  Info(D:\PROJECTS\CastIt_9.0\CastItDlg.cpp:1164): [128kbps] - [Quality 0] - [joint stereo] - [44100khz]
06/14/06  Info(D:\PROJECTS\CastIt_9.0\CastItDlg.cpp:1173): 1/1/0
06/14/06  Info(D:\PROJECTS\CastIt_9.0\CastItDlg.cpp:1164): [128kbps] - [Quality 0] - [joint stereo] - [44100khz]
06/14/06  Info(D:\PROJECTS\CastIt_9.0\CastItDlg.cpp:1173): 0/1/0
06/14/06  Info(D:\PROJECTS\CastIt_9.0\CastItDlg.cpp:1164): [32kbps] - [Quality 0] - [joint stereo] - [22050khz]
06/14/06  Info(D:\PROJECTS\CastIt_9.0\CastItDlg.cpp:1173): 0/0/0
06/14/06  Info(D:\PROJECTS\CastIt_9.0\CastItDlg.cpp:1110): 10/300/48
06/14/06  Info(D:\PROJECTS\CastIt_9.0\CastItDlg.cpp:1121): 131493 seconds
06/14/06  Info(D:\PROJECTS\CastIt_9.0\CastItDlg.cpp:1130): 177855
06/14/06  Info(D:\PROJECTS\CastIt_9.0\CastItDlg.cpp:1139): 129772
06/14/06  Info(D:\PROJECTS\CastIt_9.0\CastItDlg.cpp:1148): 128kbps
06/14/06  Info(D:\PROJECTS\CastIt_9.0\CastItDlg.cpp:1156): 9
06/14/06  Info(D:\PROJECTS\CastIt_9.0\CastItDlg.cpp:1110): 2/550/202
06/14/06  Info(D:\PROJECTS\CastIt_9.0\CastItDlg.cpp:1121): 22443 seconds
06/14/06  Info(D:\PROJECTS\CastIt_9.0\CastItDlg.cpp:1130): 126273
06/14/06  Info(D:\PROJECTS\CastIt_9.0\CastItDlg.cpp:1139): 42099
06/14/06  Info(D:\PROJECTS\CastIt_9.0\CastItDlg.cpp:1148): 64kbps
06/14/06  Info(D:\PROJECTS\CastIt_9.0\CastItDlg.cpp:1156): 2
06/14/06  Info(D:\PROJECTS\CastIt_9.0\CastItDlg.cpp:1164): [128kbps] - [Quality 0] - [mono] - [0khz]
06/14/06  Info(D:\PROJECTS\CastIt_9.0\CastItDlg.cpp:1173): 2/9/0
06/14/06  Info(D:\PROJECTS\CastIt_9.0\CastItDlg.cpp:1164): [40kbps] - [Quality 0] - [joint stereo] - [44100khz]
06/14/06  Info(D:\PROJECTS\CastIt_9.0\CastItDlg.cpp:1173): 0/0/0
06/14/06  Info(D:\PROJECTS\CastIt_9.0\CastItDlg.cpp:1164): [128kbps] - [Quality 0] - [joint stereo] - [44100khz]
06/14/06  Info(D:\PROJECTS\CastIt_9.0\CastItDlg.cpp:1173): 1/1/0
06/14/06  Info(D:\PROJECTS\CastIt_9.0\CastItDlg.cpp:1164): [128kbps] - [Quality 0] - [joint stereo] - [44100khz]
06/14/06  Info(D:\PROJECTS\CastIt_9.0\CastItDlg.cpp:1173): 1/1/0
06/14/06  Info(D:\PROJECTS\CastIt_9.0\CastItDlg.cpp:1164): [32kbps] - [Quality 0] - [joint stereo] - [22050khz]
06/14/06  Info(D:\PROJECTS\CastIt_9.0\CastItDlg.cpp:1173): 0/0/0
06/14/06  Info(D:\PROJECTS\CastIt_9.0\CastItDlg.cpp:1110): 10/300/48
06/14/06  Info(D:\PROJECTS\CastIt_9.0\CastItDlg.cpp:1121): 131493 seconds
06/14/06  Info(D:\PROJECTS\CastIt_9.0\CastItDlg.cpp:1130): 177856
06/14/06  Info(D:\PROJECTS\CastIt_9.0\CastItDlg.cpp:1139): 129772
06/14/06  Info(D:\PROJECTS\CastIt_9.0\CastItDlg.cpp:1148): 128kbps
06/14/06  Info(D:\PROJECTS\CastIt_9.0\CastItDlg.cpp:1156): 9
06/14/06  Info(D:\PROJECTS\CastIt_9.0\CastItDlg.cpp:1110): 2/550/202
06/14/06  Info(D:\PROJECTS\CastIt_9.0\CastItDlg.cpp:1121): 22443 seconds
06/14/06  Info(D:\PROJECTS\CastIt_9.0\CastItDlg.cpp:1130): 126275
06/14/06  Info(D:\PROJECTS\CastIt_9.0\CastItDlg.cpp:1139): 42105
06/14/06  Info(D:\PROJECTS\CastIt_9.0\CastItDlg.cpp:1148): 64kbps
06/14/06  Info(D:\PROJECTS\CastIt_9.0\CastItDlg.cpp:1156): 2
06/14/06  Info(D:\PROJECTS\CastIt_9.0\CastItDlg.cpp:1164): [128kbps] - [Quality 0] - [mono] - [0khz]
06/14/06  Info(D:\PROJECTS\CastIt_9.0\CastItDlg.cpp:1173): 2/9/0
06/14/06  Info(D:\PROJECTS\CastIt_9.0\CastItDlg.cpp:1164): [40kbps] - [Quality 0] - [joint stereo] - [44100khz]
06/14/06  Info(D:\PROJECTS\CastIt_9.0\CastItDlg.cpp:1173): 0/0/0
06/14/06  Info(D:\PROJECTS\CastIt_9.0\CastItDlg.cpp:1164): [128kbps] - [Quality 0] - [joint stereo] - [44100khz]
06/14/06  Info(D:\PROJECTS\CastIt_9.0\CastItDlg.cpp:1173): 1/1/0
06/14/06  Info(D:\PROJECTS\CastIt_9.0\CastItDlg.cpp:1164): [128kbps] - [Quality 0] - [joint stereo] - [44100khz]
06/14/06  Info(D:\PROJECTS\CastIt_9.0\CastItDlg.cpp:1173): 1/1/0
06/14/06  Info(D:\PROJECTS\CastIt_9.0\CastItDlg.cpp:1164): [32kbps] - [Quality 0] - [joint stereo] - [22050khz]
06/14/06  Info(D:\PROJECTS\CastIt_9.0\CastItDlg.cpp:1173): 0/0/0
06/14/06  Info(D:\PROJECTS\CastIt_9.0\CastItDlg.cpp:1110): 10/300/48
06/14/06  Info(D:\PROJECTS\CastIt_9.0\CastItDlg.cpp:1121): 131493 seconds
06/14/06  Info(D:\PROJECTS\CastIt_9.0\CastItDlg.cpp:1130): 177857
06/14/06  Info(D:\PROJECTS\CastIt_9.0\CastItDlg.cpp:1139): 129772
06/14/06  Info(D:\PROJECTS\CastIt_9.0\CastItDlg.cpp:1148): 128kbps
06/14/06  Info(D:\PROJECTS\CastIt_9.0\CastItDlg.cpp:1156): 9
06/14/06  Info(D:\PROJECTS\CastIt_9.0\CastItDlg.cpp:1110): 2/550/202
06/14/06  Info(D:\PROJECTS\CastIt_9.0\CastItDlg.cpp:1121): 22443 seconds
06/14/06  Info(D:\PROJECTS\CastIt_9.0\CastItDlg.cpp:1130): 126276
06/14/06  Info(D:\PROJECTS\CastIt_9.0\CastItDlg.cpp:1139): 42113
06/14/06  Info(D:\PROJECTS\CastIt_9.0\CastItDlg.cpp:1148): 64kbps
06/14/06  Info(D:\PROJECTS\CastIt_9.0\CastItDlg.cpp:1156): 2
06/14/06  Info(D:\PROJECTS\CastIt_9.0\CastItDlg.cpp:1164): [128kbps] - [Quality 0] - [mono] - [0khz]
06/14/06  Info(D:\PROJECTS\CastIt_9.0\CastItDlg.cpp:1173): 2/9/0
06/14/06  Info(D:\PROJECTS\CastIt_9.0\CastItDlg.cpp:1164): [40kbps] - [Quality 0] - [joint stereo] - [44100khz]
06/14/06  Info(D:\PROJECTS\CastIt_9.0\CastItDlg.cpp:1173): 0/0/0
06/14/06  Info(D:\PROJECTS\CastIt_9.0\CastItDlg.cpp:1164): [128kbps] - [Quality 0] - [joint stereo] - [44100khz]
06/14/06  Info(D:\PROJECTS\CastIt_9.0\CastItDlg.cpp:1173): 1/1/0
06/14/06  Info(D:\PROJECTS\CastIt_9.0\CastItDlg.cpp:1164): [128kbps] - [Quality 0] - [joint stereo] - [44100khz]
06/14/06  Info(D:\PROJECTS\CastIt_9.0\CastItDlg.cpp:1173): 1/1/0
06/14/06  Info(D:\PROJECTS\CastIt_9.0\CastItDlg.cpp:1164): [32kbps] - [Quality 0] - [joint stereo] - [22050khz]
06/14/06  Info(D:\PROJECTS\CastIt_9.0\CastItDlg.cpp:1173): 0/0/0
06/14/06  Info(D:\PROJECTS\CastIt_9.0\CastItDlg.cpp:1110): 10/300/48
06/14/06  Info(D:\PROJECTS\CastIt_9.0\CastItDlg.cpp:1121): 131493 seconds
06/14/06  Info(D:\PROJECTS\CastIt_9.0\CastItDlg.cpp:1130): 177858
06/14/06  Info(D:\PROJECTS\CastIt_9.0\CastItDlg.cpp:1139): 129772
06/14/06  Info(D:\PROJECTS\CastIt_9.0\CastItDlg.cpp:1148): 128kbps
06/14/06  Info(D:\PROJECTS\CastIt_9.0\CastItDlg.cpp:1156): 9
06/14/06  Info(D:\PROJECTS\CastIt_9.0\CastItDlg.cpp:1110): 2/550/202
06/14/06  Info(D:\PROJECTS\CastIt_9.0\CastItDlg.cpp:1121): 22443 seconds
06/14/06  Info(D:\PROJECTS\CastIt_9.0\CastItDlg.cpp:1130): 126279
06/14/06  Info(D:\PROJECTS\CastIt_9.0\CastItDlg.cpp:1139): 42118
06/14/06  Info(D:\PROJECTS\CastIt_9.0\CastItDlg.cpp:1148): 64kbps
06/14/06  Info(D:\PROJECTS\CastIt_9.0\CastItDlg.cpp:1156): 2
06/14/06  Info(D:\PROJECTS\CastIt_9.0\CastItDlg.cpp:1164): [128kbps] - [Quality 0] - [mono] - [0khz]
06/14/06  Info(D:\PROJECTS\CastIt_9.0\CastItDlg.cpp:1173): 2/9/0
06/14/06  Info(D:\PROJECTS\CastIt_9.0\CastItDlg.cpp:1164): [40kbps] - [Quality 0] - [joint stereo] - [44100khz]
06/14/06  Info(D:\PROJECTS\CastIt_9.0\CastItDlg.cpp:1173): 0/0/0
06/14/06  Info(D:\PROJECTS\CastIt_9.0\CastItDlg.cpp:1164): [128kbps] - [Quality 0] - [joint stereo] - [44100khz]
06/14/06  Info(D:\PROJECTS\CastIt_9.0\CastItDlg.cpp:1173): 1/1/0
06/14/06  Info(D:\PROJECTS\CastIt_9.0\CastItDlg.cpp:1164): [128kbps] - [Quality 0] - [joint stereo] - [44100khz]
06/14/06  Info(D:\PROJECTS\CastIt_9.0\CastItDlg.cpp:1173): 1/1/0
06/14/06  Info(D:\PROJECTS\CastIt_9.0\CastItDlg.cpp:1164): [32kbps] - [Quality 0] - [joint stereo] - [22050khz]
06/14/06  Info(D:\PROJECTS\CastIt_9.0\CastItDlg.cpp:1173): 0/0/0
06/14/06  Info(D:\PROJECTS\CastIt_9.0\CastItDlg.cpp:1110): 10/300/48
06/14/06  Info(D:\PROJECTS\CastIt_9.0\CastItDlg.cpp:1121): 131493 seconds
06/14/06  Info(D:\PROJECTS\CastIt_9.0\CastItDlg.cpp:1130): 177860
06/14/06  Info(D:\PROJECTS\CastIt_9.0\CastItDlg.cpp:1139): 129772
06/14/06  Info(D:\PROJECTS\CastIt_9.0\CastItDlg.cpp:1148): 128kbps
06/14/06  Info(D:\PROJECTS\CastIt_9.0\CastItDlg.cpp:1156): 9
06/14/06  Info(D:\PROJECTS\CastIt_9.0\CastItDlg.cpp:1110): 2/550/202
06/14/06  Info(D:\PROJECTS\CastIt_9.0\CastItDlg.cpp:1121): 22443 seconds
06/14/06  Info(D:\PROJECTS\CastIt_9.0\CastItDlg.cpp:1130): 126281
06/14/06  Info(D:\PROJECTS\CastIt_9.0\CastItDlg.cpp:1139): 42125
06/14/06  Info(D:\PROJECTS\CastIt_9.0\CastItDlg.cpp:1148): 64kbps
06/14/06  Info(D:\PROJECTS\CastIt_9.0\CastItDlg.cpp:1156): 2
06/14/06  Info(D:\PROJECTS\CastIt_9.0\CastItDlg.cpp:1164): [128kbps] - [Quality 0] - [mono] - [0khz]
06/14/06  Info(D:\PROJECTS\CastIt_9.0\CastItDlg.cpp:1173): 2/9/0
06/14/06  Info(D:\PROJECTS\CastIt_9.0\CastItDlg.cpp:1164): [40kbps] - [Quality 0] - [joint stereo] - [44100khz]
06/14/06  Info(D:\PROJECTS\CastIt_9.0\CastItDlg.cpp:1173): 0/0/0
06/14/06  Info(D:\PROJECTS\CastIt_9.0\CastItDlg.cpp:1164): [128kbps] - [Quality 0] - [joint stereo] - [44100khz]
06/14/06  Info(D:\PROJECTS\CastIt_9.0\CastItDlg.cpp:1173): 1/1/0
06/14/06  Info(D:\PROJECTS\CastIt_9.0\CastItDlg.cpp:1164): [128kbps] - [Quality 0] - [joint stereo] - [44100khz]
06/14/06  Info(D:\PROJECTS\CastIt_9.0\CastItDlg.cpp:1173): 1/1/0
06/14/06  Info(D:\PROJECTS\CastIt_9.0\CastItDlg.cpp:1164): [32kbps] - [Quality 0] - [joint stereo] - [22050khz]
06/14/06  Info(D:\PROJECTS\CastIt_9.0\CastItDlg.cpp:1173): 0/0/0
06/14/06  Info(D:\PROJECTS\CastIt_9.0\CastItDlg.cpp:1110): 10/300/48
06/14/06  Info(D:\PROJECTS\CastIt_9.0\CastItDlg.cpp:1121): 131493 seconds
06/14/06  Info(D:\PROJECTS\CastIt_9.0\CastItDlg.cpp:1130): 177861
06/14/06  Info(D:\PROJECTS\CastIt_9.0\CastItDlg.cpp:1139): 129772
06/14/06  Info(D:\PROJECTS\CastIt_9.0\CastItDlg.cpp:1148): 128kbps
06/14/06  Info(D:\PROJECTS\CastIt_9.0\CastItDlg.cpp:1156): 9
06/14/06  Info(D:\PROJECTS\CastIt_9.0\CastItDlg.cpp:1110): 2/550/202
06/14/06  Info(D:\PROJECTS\CastIt_9.0\CastItDlg.cpp:1121): 22443 seconds
06/14/06  Info(D:\PROJECTS\CastIt_9.0\CastItDlg.cpp:1130): 126282
06/14/06  Info(D:\PROJECTS\CastIt_9.0\CastItDlg.cpp:1139): 42130
06/14/06  Info(D:\PROJECTS\CastIt_9.0\CastItDlg.cpp:1148): 64kbps
06/14/06  Info(D:\PROJECTS\CastIt_9.0\CastItDlg.cpp:1156): 2
06/14/06  Info(D:\PROJECTS\CastIt_9.0\CastItDlg.cpp:1164): [128kbps] - [Quality 0] - [mono] - [0khz]
06/14/06  Info(D:\PROJECTS\CastIt_9.0\CastItDlg.cpp:1173): 2/9/0
06/14/06  Info(D:\PROJECTS\CastIt_9.0\CastItDlg.cpp:1164): [40kbps] - [Quality 0] - [joint stereo] - [44100khz]
06/14/06  Info(D:\PROJECTS\CastIt_9.0\CastItDlg.cpp:1173): 0/0/0
06/14/06  Info(D:\PROJECTS\CastIt_9.0\CastItDlg.cpp:1164): [128kbps] - [Quality 0] - [joint stereo] - [44100khz]
06/14/06  Info(D:\PROJECTS\CastIt_9.0\CastItDlg.cpp:1173): 1/1/0
06/14/06  Info(D:\PROJECTS\CastIt_9.0\CastItDlg.cpp:1164): [128kbps] - [Quality 0] - [joint stereo] - [44100khz]
06/14/06  Info(D:\PROJECTS\CastIt_9.0\CastItDlg.cpp:1173): 1/1/0
06/14/06  Info(D:\PROJECTS\CastIt_9.0\CastItDlg.cpp:1164): [32kbps] - [Quality 0] - [joint stereo] - [22050khz]
06/14/06  Info(D:\PROJECTS\CastIt_9.0\CastItDlg.cpp:1173): 0/0/0
06/14/06  Info(D:\PROJECTS\CastIt_9.0\ConfigurationDialog.cpp:148): MySQL Connection Successfull
06/14/06  Info(D:\PROJECTS\CastIt_9.0\ConfigurationDialog.cpp:148): MySQL Connection Successfull
06/14/06  Info(D:\PROJECTS\CastIt_9.0\ConfigurationDialog.cpp:148): MySQL Connection Successfull
06/14/06  Info(D:\PROJECTS\CastIt_9.0\ConfigurationDialog.cpp:180): Error verifying connection (Access denied for user: 'ODBC@206.196.151.237' (Using password: NO))
06/14/06  Info(D:\PROJECTS\CastIt_9.0\ConfigurationDialog.cpp:180): Error verifying connection (Access denied for user: 'rockgodgod@206.196.151.237' (Using password: YES))
06/14/06  Info(D:\PROJECTS\CastIt_9.0\ConfigurationDialog.cpp:180): Error verifying connection (Access denied for user: 'rockgod@206.196.151.237' (Using password: YES))
06/14/06  Info(D:\PROJECTS\CastIt_9.0\ConfigurationDialog.cpp:180): Error verifying connection (Access denied for user: 'rock5150@206.196.151.237' (Using password: YES))
06/14/06  Info(D:\PROJECTS\CastIt_9.0\ConfigurationDialog.cpp:180): Error verifying connection (Access denied for user: 'root@206.196.151.237' (Using password: YES))
06/15/06  Info(D:\PROJECTS\CastIt_9.0\CastItDlg.cpp:1113): 14/300/48
06/15/06  Info(D:\PROJECTS\CastIt_9.0\CastItDlg.cpp:1124): 100910 seconds
06/15/06  Info(D:\PROJECTS\CastIt_9.0\CastItDlg.cpp:1133): 178098
06/15/06  Info(D:\PROJECTS\CastIt_9.0\CastItDlg.cpp:1142): 129794
06/15/06  Info(D:\PROJECTS\CastIt_9.0\CastItDlg.cpp:1151): 128kbps
06/15/06  Info(D:\PROJECTS\CastIt_9.0\CastItDlg.cpp:1159): 13
06/15/06  Info(D:\PROJECTS\CastIt_9.0\CastItDlg.cpp:1113): 14/300/48
06/15/06  Info(D:\PROJECTS\CastIt_9.0\CastItDlg.cpp:1124): 100910 seconds
06/15/06  Info(D:\PROJECTS\CastIt_9.0\CastItDlg.cpp:1133): 178100
06/15/06  Info(D:\PROJECTS\CastIt_9.0\CastItDlg.cpp:1142): 129794
06/15/06  Info(D:\PROJECTS\CastIt_9.0\CastItDlg.cpp:1151): 128kbps
06/15/06  Info(D:\PROJECTS\CastIt_9.0\CastItDlg.cpp:1159): 13
06/15/06  Info(D:\PROJECTS\CastIt_9.0\CastItDlg.cpp:1167): [128kbps] - [Quality 0] - [joint stereo] - [44100khz]
06/15/06  Info(D:\PROJECTS\CastIt_9.0\CastItDlg.cpp:1176): 0/1/0
06/15/06  Info(D:\PROJECTS\CastIt_9.0\CastItDlg.cpp:1167): [128kbps] - [Quality 0] - [joint stereo] - [44100khz]
06/15/06  Info(D:\PROJECTS\CastIt_9.0\CastItDlg.cpp:1176): 0/1/0
06/15/06  Info(D:\PROJECTS\CastIt_9.0\CastItDlg.cpp:1113): 2/550/202
06/15/06  Info(D:\PROJECTS\CastIt_9.0\CastItDlg.cpp:1124): 22443 seconds
06/15/06  Info(D:\PROJECTS\CastIt_9.0\CastItDlg.cpp:1133): 127473
06/15/06  Info(D:\PROJECTS\CastIt_9.0\CastItDlg.cpp:1142): 44964
06/15/06  Info(D:\PROJECTS\CastIt_9.0\CastItDlg.cpp:1151): 64kbps
06/15/06  Info(D:\PROJECTS\CastIt_9.0\CastItDlg.cpp:1159): 2
06/15/06  Info(D:\PROJECTS\CastIt_9.0\CastItDlg.cpp:1113): 2/550/202
06/15/06  Info(D:\PROJECTS\CastIt_9.0\CastItDlg.cpp:1124): 22443 seconds
06/15/06  Info(D:\PROJECTS\CastIt_9.0\CastItDlg.cpp:1133): 127476
06/15/06  Info(D:\PROJECTS\CastIt_9.0\CastItDlg.cpp:1142): 44964
06/15/06  Info(D:\PROJECTS\CastIt_9.0\CastItDlg.cpp:1151): 64kbps
06/15/06  Info(D:\PROJECTS\CastIt_9.0\CastItDlg.cpp:1159): 2
06/15/06  Info(D:\PROJECTS\CastIt_9.0\CastItDlg.cpp:1113): 2/550/202
06/15/06  Info(D:\PROJECTS\CastIt_9.0\CastItDlg.cpp:1124): 22443 seconds
06/15/06  Info(D:\PROJECTS\CastIt_9.0\CastItDlg.cpp:1133): 127492
06/15/06  Info(D:\PROJECTS\CastIt_9.0\CastItDlg.cpp:1142): 44972
06/15/06  Info(D:\PROJECTS\CastIt_9.0\CastItDlg.cpp:1151): 64kbps
06/15/06  Info(D:\PROJECTS\CastIt_9.0\CastItDlg.cpp:1159): 2
06/15/06  Info(D:\PROJECTS\CastIt_9.0\CastItDlg.cpp:1113): 14/300/48
06/15/06  Info(D:\PROJECTS\CastIt_9.0\CastItDlg.cpp:1124): 100910 seconds
06/15/06  Info(D:\PROJECTS\CastIt_9.0\CastItDlg.cpp:1133): 178112
06/15/06  Info(D:\PROJECTS\CastIt_9.0\CastItDlg.cpp:1142): 129796
06/15/06  Info(D:\PROJECTS\CastIt_9.0\CastItDlg.cpp:1151): 128kbps
06/15/06  Info(D:\PROJECTS\CastIt_9.0\CastItDlg.cpp:1159): 13
06/15/06  Info(D:\PROJECTS\CastIt_9.0\CastItDlg.cpp:1113): 2/550/202
06/15/06  Info(D:\PROJECTS\CastIt_9.0\CastItDlg.cpp:1124): 22443 seconds
06/15/06  Info(D:\PROJECTS\CastIt_9.0\CastItDlg.cpp:1133): 127493
06/15/06  Info(D:\PROJECTS\CastIt_9.0\CastItDlg.cpp:1142): 44972
06/15/06  Info(D:\PROJECTS\CastIt_9.0\CastItDlg.cpp:1151): 64kbps
06/15/06  Info(D:\PROJECTS\CastIt_9.0\CastItDlg.cpp:1159): 2
06/15/06  Info(D:\PROJECTS\CastIt_9.0\CastItDlg.cpp:1167): [0kbps] - [Quality 0] - [mono] - [0khz]
06/15/06  Info(D:\PROJECTS\CastIt_9.0\CastItDlg.cpp:1176): 0/0/0
06/15/06  Info(D:\PROJECTS\CastIt_9.0\CastItDlg.cpp:1167): [128kbps] - [Quality 0] - [mono] - [0khz]
06/15/06  Info(D:\PROJECTS\CastIt_9.0\CastItDlg.cpp:1176): 4/9/0
06/15/06  Info(D:\PROJECTS\CastIt_9.0\CastItDlg.cpp:1167): [40kbps] - [Quality 0] - [joint stereo] - [44100khz]
06/15/06  Info(D:\PROJECTS\CastIt_9.0\CastItDlg.cpp:1176): 0/1/0
06/15/06  Info(D:\PROJECTS\CastIt_9.0\CastItDlg.cpp:1167): [128kbps] - [Quality 0] - [joint stereo] - [44100khz]
06/15/06  Info(D:\PROJECTS\CastIt_9.0\CastItDlg.cpp:1176): 1/2/0
06/15/06  Info(D:\PROJECTS\CastIt_9.0\CastItDlg.cpp:1167): [128kbps] - [Quality 0] - [joint stereo] - [44100khz]
06/15/06  Info(D:\PROJECTS\CastIt_9.0\CastItDlg.cpp:1176): 0/1/0
06/15/06  Info(D:\PROJECTS\CastIt_9.0\CastItDlg.cpp:1167): [32kbps] - [Quality 0] - [joint stereo] - [22050khz]
06/15/06  Info(D:\PROJECTS\CastIt_9.0\CastItDlg.cpp:1176): 0/1/0
06/15/06  Info(D:\PROJECTS\CastIt_9.0\CastItDlg.cpp:1113): 11/300/48
06/15/06  Info(D:\PROJECTS\CastIt_9.0\CastItDlg.cpp:1124): 114124 seconds
06/15/06  Info(D:\PROJECTS\CastIt_9.0\CastItDlg.cpp:1133): 180436
06/15/06  Info(D:\PROJECTS\CastIt_9.0\CastItDlg.cpp:1142): 130567
06/15/06  Info(D:\PROJECTS\CastIt_9.0\CastItDlg.cpp:1151): 128kbps
06/15/06  Info(D:\PROJECTS\CastIt_9.0\CastItDlg.cpp:1159): 10
06/15/06  Info(D:\PROJECTS\CastIt_9.0\CastItDlg.cpp:1113): 56/550/202
06/15/06  Info(D:\PROJECTS\CastIt_9.0\CastItDlg.cpp:1124): 6863 seconds
06/15/06  Info(D:\PROJECTS\CastIt_9.0\CastItDlg.cpp:1133): 140777
06/15/06  Info(D:\PROJECTS\CastIt_9.0\CastItDlg.cpp:1142): 50182
06/15/06  Info(D:\PROJECTS\CastIt_9.0\CastItDlg.cpp:1151): 64kbps
06/15/06  Info(D:\PROJECTS\CastIt_9.0\CastItDlg.cpp:1159): 56
06/15/06  Info(D:\PROJECTS\CastIt_9.0\CastItDlg.cpp:1167): [64kbps] - [Quality 0] - [mono] - [0khz]
06/15/06  Info(D:\PROJECTS\CastIt_9.0\CastItDlg.cpp:1176): 0/5/0
06/15/06  Info(D:\PROJECTS\CastIt_9.0\CastItDlg.cpp:1167): [128kbps] - [Quality 0] - [mono] - [0khz]
06/15/06  Info(D:\PROJECTS\CastIt_9.0\CastItDlg.cpp:1176): 2/9/0
06/15/06  Info(D:\PROJECTS\CastIt_9.0\CastItDlg.cpp:1167): [40kbps] - [Quality 0] - [joint stereo] - [44100khz]
06/15/06  Info(D:\PROJECTS\CastIt_9.0\CastItDlg.cpp:1176): 0/1/0
06/15/06  Info(D:\PROJECTS\CastIt_9.0\CastItDlg.cpp:1167): [128kbps] - [Quality 0] - [joint stereo] - [44100khz]
06/15/06  Info(D:\PROJECTS\CastIt_9.0\CastItDlg.cpp:1176): 2/6/0
06/15/06  Info(D:\PROJECTS\CastIt_9.0\CastItDlg.cpp:1167): [128kbps] - [Quality 0] - [joint stereo] - [44100khz]
06/15/06  Info(D:\PROJECTS\CastIt_9.0\CastItDlg.cpp:1176): 0/2/0
06/15/06  Info(D:\PROJECTS\CastIt_9.0\CastItDlg.cpp:1167): [32kbps] - [Quality 0] - [joint stereo] - [22050khz]
06/15/06  Info(D:\PROJECTS\CastIt_9.0\CastItDlg.cpp:1176): 0/2/0
06/16/06  Info(C:\Ed\CastIt_9.0\CastItDlg.cpp:1113): 17/300/48
06/16/06  Info(C:\Ed\CastIt_9.0\CastItDlg.cpp:1124): 106864 seconds
06/16/06  Info(C:\Ed\CastIt_9.0\CastItDlg.cpp:1133): 184403
06/16/06  Info(C:\Ed\CastIt_9.0\CastItDlg.cpp:1142): 132834
06/16/06  Info(C:\Ed\CastIt_9.0\CastItDlg.cpp:1151): 128kbps
06/16/06  Info(C:\Ed\CastIt_9.0\CastItDlg.cpp:1159): 16
06/16/06  Info(C:\Ed\CastIt_9.0\CastItDlg.cpp:1113): 1/550/202
06/16/06  Info(C:\Ed\CastIt_9.0\CastItDlg.cpp:1124): 13079 seconds
06/16/06  Info(C:\Ed\CastIt_9.0\CastItDlg.cpp:1133): 158188
06/16/06  Info(C:\Ed\CastIt_9.0\CastItDlg.cpp:1142): 54698
06/16/06  Info(C:\Ed\CastIt_9.0\CastItDlg.cpp:1151): 64kbps
06/16/06  Info(C:\Ed\CastIt_9.0\CastItDlg.cpp:1159): 1
06/16/06  Info(C:\Ed\CastIt_9.0\CastItDlg.cpp:1167): [0kbps] - [Quality 0] - [mono] - [0khz]
06/16/06  Info(C:\Ed\CastIt_9.0\CastItDlg.cpp:1176): 0/0/0
06/16/06  Info(C:\Ed\CastIt_9.0\CastItDlg.cpp:1167): [0kbps] - [Quality 0] - [mono] - [0khz]
06/16/06  Info(C:\Ed\CastIt_9.0\CastItDlg.cpp:1176): 0/0/0
06/16/06  Info(C:\Ed\CastIt_9.0\CastItDlg.cpp:1167): [0kbps] - [Quality 0] - [mono] - [0khz]
06/16/06  Info(C:\Ed\CastIt_9.0\CastItDlg.cpp:1176): 0/0/0
06/16/06  Info(C:\Ed\CastIt_9.0\CastItDlg.cpp:1167): [0kbps] - [Quality 0] - [mono] - [0khz]
06/16/06  Info(C:\Ed\CastIt_9.0\CastItDlg.cpp:1176): 0/0/0
06/16/06  Info(C:\Ed\CastIt_9.0\CastItDlg.cpp:1167): [0kbps] - [Quality 0] - [mono] - [0khz]
06/16/06  Info(C:\Ed\CastIt_9.0\CastItDlg.cpp:1176): 0/0/0
06/16/06  Info(C:\Ed\CastIt_9.0\CastItDlg.cpp:1167): [0kbps] - [Quality 0] - [mono] - [0khz]
06/16/06  Info(C:\Ed\CastIt_9.0\CastItDlg.cpp:1176): 0/0/0
11/22/06  Info(D:\PROJECTS\CastIt_9-oddosck-build\CastIt_9.0\CastItDlg.cpp:1137): 16/300/42
11/22/06  Info(D:\PROJECTS\CastIt_9-oddosck-build\CastIt_9.0\CastItDlg.cpp:1150): 47256 seconds
11/22/06  Info(D:\PROJECTS\CastIt_9-oddosck-build\CastIt_9.0\CastItDlg.cpp:1163): 161094
11/22/06  Info(D:\PROJECTS\CastIt_9-oddosck-build\CastIt_9.0\CastItDlg.cpp:1175): 24688
11/22/06  Info(D:\PROJECTS\CastIt_9-oddosck-build\CastIt_9.0\CastItDlg.cpp:1188): 128kbps
11/22/06  Info(D:\PROJECTS\CastIt_9-oddosck-build\CastIt_9.0\CastItDlg.cpp:1200): 14
11/22/06  Info(D:\PROJECTS\CastIt_9-oddosck-build\CastIt_9.0\CastItDlg.cpp:1137): 126/550/307
11/22/06  Info(D:\PROJECTS\CastIt_9-oddosck-build\CastIt_9.0\CastItDlg.cpp:1150): 23885 seconds
11/22/06  Info(D:\PROJECTS\CastIt_9-oddosck-build\CastIt_9.0\CastItDlg.cpp:1163): 127800
11/22/06  Info(D:\PROJECTS\CastIt_9-oddosck-build\CastIt_9.0\CastItDlg.cpp:1175): 37168
11/22/06  Info(D:\PROJECTS\CastIt_9-oddosck-build\CastIt_9.0\CastItDlg.cpp:1188): 64kbps
11/22/06  Info(D:\PROJECTS\CastIt_9-oddosck-build\CastIt_9.0\CastItDlg.cpp:1200): 125
11/22/06  Info(D:\PROJECTS\CastIt_9-oddosck-build\CastIt_9.0\CastItDlg.cpp:1212): [0kbps] - [Quality 0] - [mono] - [0khz]
11/22/06  Info(D:\PROJECTS\CastIt_9-oddosck-build\CastIt_9.0\CastItDlg.cpp:1223): 0/0/0
11/22/06  Info(D:\PROJECTS\CastIt_9-oddosck-build\CastIt_9.0\CastItDlg.cpp:1212): [0kbps] - [Quality 0] - [mono] - [0khz]
11/22/06  Info(D:\PROJECTS\CastIt_9-oddosck-build\CastIt_9.0\CastItDlg.cpp:1223): 0/0/0
11/22/06  Info(D:\PROJECTS\CastIt_9-oddosck-build\CastIt_9.0\CastItDlg.cpp:1212): [0kbps] - [Quality 0] - [mono] - [0khz]
11/22/06  Info(D:\PROJECTS\CastIt_9-oddosck-build\CastIt_9.0\CastItDlg.cpp:1223): 0/0/0
11/22/06  Info(D:\PROJECTS\CastIt_9-oddosck-build\CastIt_9.0\CastItDlg.cpp:1212): [0kbps] - [Quality 0] - [mono] - [0khz]
11/22/06  Info(D:\PROJECTS\CastIt_9-oddosck-build\CastIt_9.0\CastItDlg.cpp:1223): 0/0/0
11/22/06  Info(D:\PROJECTS\CastIt_9-oddosck-build\CastIt_9.0\CastItDlg.cpp:1212): [0kbps] - [Quality 0] - [mono] - [0khz]
11/22/06  Info(D:\PROJECTS\CastIt_9-oddosck-build\CastIt_9.0\CastItDlg.cpp:1223): 0/0/0
11/22/06  Info(D:\PROJECTS\CastIt_9-oddosck-build\CastIt_9.0\CastItDlg.cpp:1212): [0kbps] - [Quality 0] - [mono] - [0khz]
11/22/06  Info(D:\PROJECTS\CastIt_9-oddosck-build\CastIt_9.0\CastItDlg.cpp:1223): 0/0/0
01/22/08  Info(D:\PROJECTS\CastIt_9-oddosck-build\CastIt_9.0\CastItDlg.cpp:1137): 15/1000/89
01/22/08  Info(D:\PROJECTS\CastIt_9-oddosck-build\CastIt_9.0\CastItDlg.cpp:1150): 8948 seconds
01/22/08  Info(D:\PROJECTS\CastIt_9-oddosck-build\CastIt_9.0\CastItDlg.cpp:1163): 169035
01/22/08  Info(D:\PROJECTS\CastIt_9-oddosck-build\CastIt_9.0\CastItDlg.cpp:1175): 82843
01/22/08  Info(D:\PROJECTS\CastIt_9-oddosck-build\CastIt_9.0\CastItDlg.cpp:1188): 128kbps
01/22/08  Info(D:\PROJECTS\CastIt_9-oddosck-build\CastIt_9.0\CastItDlg.cpp:1200): 15
01/22/08  Error(D:\PROJECTS\CastIt_9-oddosck-build\CastIt_9.0\scastd.cpp:526): SERVER http://209.9.226.67:9676 IS DOWN
01/22/08  Info(D:\PROJECTS\CastIt_9-oddosck-build\CastIt_9.0\CastItDlg.cpp:1137): 0/0/0
01/22/08  Info(D:\PROJECTS\CastIt_9-oddosck-build\CastIt_9.0\CastItDlg.cpp:1150): 0 seconds
01/22/08  Info(D:\PROJECTS\CastIt_9-oddosck-build\CastIt_9.0\CastItDlg.cpp:1163): 0
01/22/08  Info(D:\PROJECTS\CastIt_9-oddosck-build\CastIt_9.0\CastItDlg.cpp:1175): 0
01/22/08  Info(D:\PROJECTS\CastIt_9-oddosck-build\CastIt_9.0\CastItDlg.cpp:1188): 0kbps
01/22/08  Info(D:\PROJECTS\CastIt_9-oddosck-build\CastIt_9.0\CastItDlg.cpp:1200): 0
01/22/08  Error(D:\PROJECTS\CastIt_9-oddosck-build\CastIt_9.0\scastd.cpp:206): Bad xml parse
01/22/08  Error(D:\PROJECTS\CastIt_9-oddosck-build\CastIt_9.0\CastItDlg.cpp:1390): Bad parse!
01/22/08  Error(D:\PROJECTS\CastIt_9-oddosck-build\CastIt_9.0\scastd.cpp:206): Bad xml parse
01/22/08  Error(D:\PROJECTS\CastIt_9-oddosck-build\CastIt_9.0\CastItDlg.cpp:1390): Bad parse!
01/22/08  Error(D:\PROJECTS\CastIt_9-oddosck-build\CastIt_9.0\scastd.cpp:206): Bad xml parse
01/22/08  Error(D:\PROJECTS\CastIt_9-oddosck-build\CastIt_9.0\CastItDlg.cpp:1390): Bad parse!
01/22/08  Error(D:\PROJECTS\CastIt_9-oddosck-build\CastIt_9.0\scastd.cpp:206): Bad xml parse
01/22/08  Error(D:\PROJECTS\CastIt_9-oddosck-build\CastIt_9.0\CastItDlg.cpp:1390): Bad parse!
01/22/08  Error(D:\PROJECTS\CastIt_9-oddosck-build\CastIt_9.0\scastd.cpp:206): Bad xml parse
01/22/08  Error(D:\PROJECTS\CastIt_9-oddosck-build\CastIt_9.0\CastItDlg.cpp:1390): Bad parse!
01/22/08  Error(D:\PROJECTS\CastIt_9-oddosck-build\CastIt_9.0\scastd.cpp:206): Bad xml parse
01/22/08  Error(D:\PROJECTS\CastIt_9-oddosck-build\CastIt_9.0\CastItDlg.cpp:1390): Bad parse!
