06/14/06  Info(D:\PROJECTS\CastIt_9.0\CastItDlg.cpp:1109): 10/300/48
06/14/06  Info(D:\PROJECTS\CastIt_9.0\CastItDlg.cpp:1120): 131493 seconds
06/14/06  Info(D:\PROJECTS\CastIt_9.0\CastItDlg.cpp:1129): 177839
06/14/06  Info(D:\PROJECTS\CastIt_9.0\CastItDlg.cpp:1138): 129772
06/14/06  Info(D:\PROJECTS\CastIt_9.0\CastItDlg.cpp:1147): 128kbps
06/14/06  Info(D:\PROJECTS\CastIt_9.0\CastItDlg.cpp:1155): 9
06/14/06  Info(D:\PROJECTS\CastIt_9.0\CastItDlg.cpp:1109): 2/550/202
06/14/06  Info(D:\PROJECTS\CastIt_9.0\CastItDlg.cpp:1120): 22443 seconds
06/14/06  Info(D:\PROJECTS\CastIt_9.0\CastItDlg.cpp:1129): 126237
06/14/06  Info(D:\PROJECTS\CastIt_9.0\CastItDlg.cpp:1138): 41955
06/14/06  Info(D:\PROJECTS\CastIt_9.0\CastItDlg.cpp:1147): 64kbps
06/14/06  Info(D:\PROJECTS\CastIt_9.0\CastItDlg.cpp:1155): 2
06/14/06  Info(D:\PROJECTS\CastIt_9.0\CastItDlg.cpp:1163): [0kbps] - [Quality 0] - [mono] - [0khz]
06/14/06  Info(D:\PROJECTS\CastIt_9.0\CastItDlg.cpp:1172): 0/0/0
06/14/06  Info(D:\PROJECTS\CastIt_9.0\CastItDlg.cpp:1163): [128kbps] - [Quality 0] - [mono] - [0khz]
06/14/06  Info(D:\PROJECTS\CastIt_9.0\CastItDlg.cpp:1172): 2/9/0
06/14/06  Info(D:\PROJECTS\CastIt_9.0\CastItDlg.cpp:1163): [40kbps] - [Quality 0] - [joint stereo] - [44100khz]
06/14/06  Info(D:\PROJECTS\CastIt_9.0\CastItDlg.cpp:1172): 0/0/0
06/14/06  Info(D:\PROJECTS\CastIt_9.0\CastItDlg.cpp:1163): [128kbps] - [Quality 0] - [joint stereo] - [44100khz]
06/14/06  Info(D:\PROJECTS\CastIt_9.0\CastItDlg.cpp:1172): 1/1/0
06/14/06  Info(D:\PROJECTS\CastIt_9.0\CastItDlg.cpp:1163): [128kbps] - [Quality 0] - [joint stereo] - [44100khz]
06/14/06  Info(D:\PROJECTS\CastIt_9.0\CastItDlg.cpp:1172): 0/1/0
06/14/06  Info(D:\PROJECTS\CastIt_9.0\CastItDlg.cpp:1163): [32kbps] - [Quality 0] - [joint stereo] - [22050khz]
06/14/06  Info(D:\PROJECTS\CastIt_9.0\CastItDlg.cpp:1172): 0/0/0
06/14/06  Info(D:\PROJECTS\CastIt_9.0\CastItDlg.cpp:1109): 10/300/48
06/14/06  Info(D:\PROJECTS\CastIt_9.0\CastItDlg.cpp:1120): 131493 seconds
06/14/06  Info(D:\PROJECTS\CastIt_9.0\CastItDlg.cpp:1129): 177840
06/14/06  Info(D:\PROJECTS\CastIt_9.0\CastItDlg.cpp:1138): 129772
06/14/06  Info(D:\PROJECTS\CastIt_9.0\CastItDlg.cpp:1147): 128kbps
06/14/06  Info(D:\PROJECTS\CastIt_9.0\CastItDlg.cpp:1155): 9
06/14/06  Info(D:\PROJECTS\CastIt_9.0\CastItDlg.cpp:1109): 2/550/202
06/14/06  Info(D:\PROJECTS\CastIt_9.0\CastItDlg.cpp:1120): 22443 seconds
06/14/06  Info(D:\PROJECTS\CastIt_9.0\CastItDlg.cpp:1129): 126240
06/14/06  Info(D:\PROJECTS\CastIt_9.0\CastItDlg.cpp:1138): 41966
06/14/06  Info(D:\PROJECTS\CastIt_9.0\CastItDlg.cpp:1147): 64kbps
06/14/06  Info(D:\PROJECTS\CastIt_9.0\CastItDlg.cpp:1155): 2
06/14/06  Info(D:\PROJECTS\CastIt_9.0\CastItDlg.cpp:1163): [0kbps] - [Quality 0] - [mono] - [0khz]
06/14/06  Info(D:\PROJECTS\CastIt_9.0\CastItDlg.cpp:1172): 0/0/0
06/14/06  Info(D:\PROJECTS\CastIt_9.0\CastItDlg.cpp:1163): [128kbps] - [Quality 0] - [mono] - [0khz]
06/14/06  Info(D:\PROJECTS\CastIt_9.0\CastItDlg.cpp:1172): 2/9/0
06/14/06  Info(D:\PROJECTS\CastIt_9.0\CastItDlg.cpp:1163): [40kbps] - [Quality 0] - [joint stereo] - [44100khz]
06/14/06  Info(D:\PROJECTS\CastIt_9.0\CastItDlg.cpp:1172): 0/0/0
06/14/06  Info(D:\PROJECTS\CastIt_9.0\CastItDlg.cpp:1163): [128kbps] - [Quality 0] - [joint stereo] - [44100khz]
06/14/06  Info(D:\PROJECTS\CastIt_9.0\CastItDlg.cpp:1172): 1/1/0
06/14/06  Info(D:\PROJECTS\CastIt_9.0\CastItDlg.cpp:1163): [128kbps] - [Quality 0] - [joint stereo] - [44100khz]
06/14/06  Info(D:\PROJECTS\CastIt_9.0\CastItDlg.cpp:1172): 0/1/0
06/14/06  Info(D:\PROJECTS\CastIt_9.0\CastItDlg.cpp:1163): [32kbps] - [Quality 0] - [joint stereo] - [22050khz]
06/14/06  Info(D:\PROJECTS\CastIt_9.0\CastItDlg.cpp:1172): 0/0/0
06/18/06  Info(c:\ed\castit_9.0\castitdlg.cpp:1135): 28/300/48
06/18/06  Info(c:\ed\castit_9.0\castitdlg.cpp:1146): 75254 seconds
06/18/06  Info(c:\ed\castit_9.0\castitdlg.cpp:1155): 190097
06/18/06  Info(c:\ed\castit_9.0\castitdlg.cpp:1164): 146962
06/18/06  Info(c:\ed\castit_9.0\castitdlg.cpp:1173): 128kbps
06/18/06  Info(c:\ed\castit_9.0\castitdlg.cpp:1181): 25
06/18/06  Error(c:\ed\castit_9.0\castitdlg.cpp:1654): ERROR Cannot open template out file
06/18/06  Error(c:\ed\castit_9.0\castitdlg.cpp:1676): Cannot find FTP Local FILE (D:\PROJECTS\CastIt_9.0\Release\example_templateOut.html)
06/18/06  Info(c:\ed\castit_9.0\castitdlg.cpp:1135): 2/550/202
06/18/06  Info(c:\ed\castit_9.0\castitdlg.cpp:1146): 22475 seconds
06/18/06  Info(c:\ed\castit_9.0\castitdlg.cpp:1155): 173687
06/18/06  Info(c:\ed\castit_9.0\castitdlg.cpp:1164): 65411
06/18/06  Info(c:\ed\castit_9.0\castitdlg.cpp:1173): 64kbps
06/18/06  Info(c:\ed\castit_9.0\castitdlg.cpp:1181): 2
06/18/06  Error(c:\ed\castit_9.0\castitdlg.cpp:1654): ERROR Cannot open template out file
06/18/06  Error(c:\ed\castit_9.0\castitdlg.cpp:1676): Cannot find FTP Local FILE (D:\PROJECTS\CastIt_9.0\Release\example_templateOut.html)
06/18/06  Info(c:\ed\castit_9.0\castitdlg.cpp:1189): [128kbps] - [Quality 0] - [mono] - [0khz]
06/18/06  Info(c:\ed\castit_9.0\castitdlg.cpp:1198): 1/9/0
06/18/06  Error(c:\ed\castit_9.0\castitdlg.cpp:1654): ERROR Cannot open template out file
06/18/06  Error(c:\ed\castit_9.0\castitdlg.cpp:1676): Cannot find FTP Local FILE (D:\PROJECTS\CastIt_9.0\Release\example_templateOut.html)
06/18/06  Info(c:\ed\castit_9.0\castitdlg.cpp:1189): [40kbps] - [Quality 0] - [joint stereo] - [44100khz]
06/18/06  Info(c:\ed\castit_9.0\castitdlg.cpp:1198): 0/2/0
06/18/06  Error(c:\ed\castit_9.0\castitdlg.cpp:1654): ERROR Cannot open template out file
06/18/06  Error(c:\ed\castit_9.0\castitdlg.cpp:1676): Cannot find FTP Local FILE (D:\PROJECTS\CastIt_9.0\Release\example_templateOut.html)
06/18/06  Info(c:\ed\castit_9.0\castitdlg.cpp:1189): [128kbps] - [Quality 0] - [joint stereo] - [44100khz]
06/18/06  Info(c:\ed\castit_9.0\castitdlg.cpp:1198): 1/4/0
06/18/06  Error(c:\ed\castit_9.0\castitdlg.cpp:1654): ERROR Cannot open template out file
06/18/06  Error(c:\ed\castit_9.0\castitdlg.cpp:1676): Cannot find FTP Local FILE (D:\PROJECTS\CastIt_9.0\Release\example_templateOut.html)
06/18/06  Info(c:\ed\castit_9.0\castitdlg.cpp:1189): [128kbps] - [Quality 0] - [joint stereo] - [44100khz]
06/18/06  Info(c:\ed\castit_9.0\castitdlg.cpp:1198): 0/2/0
06/18/06  Error(c:\ed\castit_9.0\castitdlg.cpp:1654): ERROR Cannot open template out file
06/18/06  Error(c:\ed\castit_9.0\castitdlg.cpp:1676): Cannot find FTP Local FILE (D:\PROJECTS\CastIt_9.0\Release\example_templateOut.html)
06/18/06  Info(c:\ed\castit_9.0\castitdlg.cpp:1189): [32kbps] - [Quality 0] - [joint stereo] - [22050khz]
06/18/06  Info(c:\ed\castit_9.0\castitdlg.cpp:1198): 0/1/0
06/18/06  Error(c:\ed\castit_9.0\castitdlg.cpp:1654): ERROR Cannot open template out file
06/18/06  Error(c:\ed\castit_9.0\castitdlg.cpp:1676): Cannot find FTP Local FILE (D:\PROJECTS\CastIt_9.0\Release\example_templateOut.html)
06/18/06  Info(c:\ed\castit_9.0\castitdlg.cpp:1135): 28/300/48
06/18/06  Info(c:\ed\castit_9.0\castitdlg.cpp:1146): 77926 seconds
06/18/06  Info(c:\ed\castit_9.0\castitdlg.cpp:1155): 190099
06/18/06  Info(c:\ed\castit_9.0\castitdlg.cpp:1164): 146963
06/18/06  Info(c:\ed\castit_9.0\castitdlg.cpp:1173): 128kbps
06/18/06  Info(c:\ed\castit_9.0\castitdlg.cpp:1181): 25
06/18/06  Error(c:\ed\castit_9.0\castitdlg.cpp:1654): ERROR Cannot open template out file
06/18/06  Error(c:\ed\castit_9.0\castitdlg.cpp:1676): Cannot find FTP Local FILE (D:\PROJECTS\CastIt_9.0\Release\example_templateOut.html)
06/18/06  Info(c:\ed\castit_9.0\castitdlg.cpp:1135): 2/550/202
06/18/06  Info(c:\ed\castit_9.0\castitdlg.cpp:1146): 22475 seconds
06/18/06  Info(c:\ed\castit_9.0\castitdlg.cpp:1155): 173708
06/18/06  Info(c:\ed\castit_9.0\castitdlg.cpp:1164): 65411
06/18/06  Info(c:\ed\castit_9.0\castitdlg.cpp:1173): 64kbps
06/18/06  Info(c:\ed\castit_9.0\castitdlg.cpp:1181): 2
06/18/06  Error(c:\ed\castit_9.0\castitdlg.cpp:1654): ERROR Cannot open template out file
06/18/06  Error(c:\ed\castit_9.0\castitdlg.cpp:1676): Cannot find FTP Local FILE (D:\PROJECTS\CastIt_9.0\Release\example_templateOut.html)
06/18/06  Info(c:\ed\castit_9.0\castitdlg.cpp:1189): [128kbps] - [Quality 0] - [mono] - [0khz]
06/18/06  Info(c:\ed\castit_9.0\castitdlg.cpp:1198): 1/9/0
06/18/06  Error(c:\ed\castit_9.0\castitdlg.cpp:1654): ERROR Cannot open template out file
06/18/06  Error(c:\ed\castit_9.0\castitdlg.cpp:1676): Cannot find FTP Local FILE (D:\PROJECTS\CastIt_9.0\Release\example_templateOut.html)
06/18/06  Info(c:\ed\castit_9.0\castitdlg.cpp:1189): [40kbps] - [Quality 0] - [joint stereo] - [44100khz]
06/18/06  Info(c:\ed\castit_9.0\castitdlg.cpp:1198): 0/2/0
06/18/06  Error(c:\ed\castit_9.0\castitdlg.cpp:1654): ERROR Cannot open template out file
06/18/06  Error(c:\ed\castit_9.0\castitdlg.cpp:1676): Cannot find FTP Local FILE (D:\PROJECTS\CastIt_9.0\Release\example_templateOut.html)
06/18/06  Info(c:\ed\castit_9.0\castitdlg.cpp:1189): [128kbps] - [Quality 0] - [joint stereo] - [44100khz]
06/18/06  Info(c:\ed\castit_9.0\castitdlg.cpp:1198): 1/4/0
06/18/06  Error(c:\ed\castit_9.0\castitdlg.cpp:1654): ERROR Cannot open template out file
06/18/06  Error(c:\ed\castit_9.0\castitdlg.cpp:1676): Cannot find FTP Local FILE (D:\PROJECTS\CastIt_9.0\Release\example_templateOut.html)
06/18/06  Info(c:\ed\castit_9.0\castitdlg.cpp:1189): [128kbps] - [Quality 0] - [joint stereo] - [44100khz]
06/18/06  Info(c:\ed\castit_9.0\castitdlg.cpp:1198): 0/2/0
06/18/06  Error(c:\ed\castit_9.0\castitdlg.cpp:1654): ERROR Cannot open template out file
06/18/06  Error(c:\ed\castit_9.0\castitdlg.cpp:1676): Cannot find FTP Local FILE (D:\PROJECTS\CastIt_9.0\Release\example_templateOut.html)
06/18/06  Info(c:\ed\castit_9.0\castitdlg.cpp:1189): [32kbps] - [Quality 0] - [joint stereo] - [22050khz]
06/18/06  Info(c:\ed\castit_9.0\castitdlg.cpp:1198): 0/1/0
06/18/06  Error(c:\ed\castit_9.0\castitdlg.cpp:1654): ERROR Cannot open template out file
06/18/06  Error(c:\ed\castit_9.0\castitdlg.cpp:1676): Cannot find FTP Local FILE (D:\PROJECTS\CastIt_9.0\Release\example_templateOut.html)
06/18/06  Error(c:\ed\castit_9.0\castitdlg.cpp:1654): ERROR Cannot open template out file
06/18/06  Error(c:\ed\castit_9.0\castitdlg.cpp:1676): Cannot find FTP Local FILE (D:\PROJECTS\CastIt_9.0\Release\example_templateOut.html)
06/18/06  Info(c:\ed\castit_9.0\castitdlg.cpp:1135): 28/300/48
06/18/06  Info(c:\ed\castit_9.0\castitdlg.cpp:1146): 77924 seconds
06/18/06  Info(c:\ed\castit_9.0\castitdlg.cpp:1155): 190101
06/18/06  Info(c:\ed\castit_9.0\castitdlg.cpp:1164): 146965
06/18/06  Info(c:\ed\castit_9.0\castitdlg.cpp:1173): 128kbps
06/18/06  Info(c:\ed\castit_9.0\castitdlg.cpp:1181): 25
06/18/06  Error(c:\ed\castit_9.0\castitdlg.cpp:1654): ERROR Cannot open template out file
06/18/06  Error(c:\ed\castit_9.0\castitdlg.cpp:1676): Cannot find FTP Local FILE (D:\PROJECTS\CastIt_9.0\Release\example_templateOut.html)
06/18/06  Info(c:\ed\castit_9.0\castitdlg.cpp:1135): 2/550/202
06/18/06  Info(c:\ed\castit_9.0\castitdlg.cpp:1146): 22475 seconds
06/18/06  Info(c:\ed\castit_9.0\castitdlg.cpp:1155): 173741
06/18/06  Info(c:\ed\castit_9.0\castitdlg.cpp:1164): 65413
06/18/06  Info(c:\ed\castit_9.0\castitdlg.cpp:1173): 64kbps
06/18/06  Info(c:\ed\castit_9.0\castitdlg.cpp:1181): 2
06/18/06  Error(c:\ed\castit_9.0\castitdlg.cpp:1654): ERROR Cannot open template out file
06/18/06  Error(c:\ed\castit_9.0\castitdlg.cpp:1676): Cannot find FTP Local FILE (D:\PROJECTS\CastIt_9.0\Release\example_templateOut.html)
06/18/06  Info(c:\ed\castit_9.0\castitdlg.cpp:1189): [128kbps] - [Quality 0] - [mono] - [0khz]
06/18/06  Info(c:\ed\castit_9.0\castitdlg.cpp:1198): 1/9/0
06/18/06  Error(c:\ed\castit_9.0\castitdlg.cpp:1654): ERROR Cannot open template out file
06/18/06  Error(c:\ed\castit_9.0\castitdlg.cpp:1676): Cannot find FTP Local FILE (D:\PROJECTS\CastIt_9.0\Release\example_templateOut.html)
06/18/06  Info(c:\ed\castit_9.0\castitdlg.cpp:1189): [40kbps] - [Quality 0] - [joint stereo] - [44100khz]
06/18/06  Info(c:\ed\castit_9.0\castitdlg.cpp:1198): 0/2/0
06/18/06  Error(c:\ed\castit_9.0\castitdlg.cpp:1654): ERROR Cannot open template out file
06/18/06  Error(c:\ed\castit_9.0\castitdlg.cpp:1676): Cannot find FTP Local FILE (D:\PROJECTS\CastIt_9.0\Release\example_templateOut.html)
06/18/06  Info(c:\ed\castit_9.0\castitdlg.cpp:1189): [128kbps] - [Quality 0] - [joint stereo] - [44100khz]
06/18/06  Info(c:\ed\castit_9.0\castitdlg.cpp:1198): 1/4/0
06/18/06  Error(c:\ed\castit_9.0\castitdlg.cpp:1654): ERROR Cannot open template out file
06/18/06  Error(c:\ed\castit_9.0\castitdlg.cpp:1676): Cannot find FTP Local FILE (D:\PROJECTS\CastIt_9.0\Release\example_templateOut.html)
06/18/06  Info(c:\ed\castit_9.0\castitdlg.cpp:1189): [128kbps] - [Quality 0] - [joint stereo] - [44100khz]
06/18/06  Info(c:\ed\castit_9.0\castitdlg.cpp:1198): 0/2/0
06/18/06  Error(c:\ed\castit_9.0\castitdlg.cpp:1654): ERROR Cannot open template out file
06/18/06  Error(c:\ed\castit_9.0\castitdlg.cpp:1676): Cannot find FTP Local FILE (D:\PROJECTS\CastIt_9.0\Release\example_templateOut.html)
06/18/06  Info(c:\ed\castit_9.0\castitdlg.cpp:1189): [32kbps] - [Quality 0] - [joint stereo] - [22050khz]
06/18/06  Info(c:\ed\castit_9.0\castitdlg.cpp:1198): 0/1/0
06/18/06  Error(c:\ed\castit_9.0\castitdlg.cpp:1654): ERROR Cannot open template out file
06/18/06  Error(c:\ed\castit_9.0\castitdlg.cpp:1676): Cannot find FTP Local FILE (D:\PROJECTS\CastIt_9.0\Release\example_templateOut.html)
06/18/06  Info(c:\ed\castit_9.0\castitdlg.cpp:1137): 19/300/48
06/18/06  Info(c:\ed\castit_9.0\castitdlg.cpp:1150): 31175 seconds
06/18/06  Info(c:\ed\castit_9.0\castitdlg.cpp:1163): 190688
06/18/06  Info(c:\ed\castit_9.0\castitdlg.cpp:1175): 147167
06/18/06  Info(c:\ed\castit_9.0\castitdlg.cpp:1188): 128kbps
06/18/06  Info(c:\ed\castit_9.0\castitdlg.cpp:1196): 18
06/18/06  Error(c:\ed\castit_9.0\castitdlg.cpp:1684): ERROR Cannot open template out file
06/18/06  Error(c:\ed\castit_9.0\castitdlg.cpp:1706): Cannot find FTP Local FILE (D:\PROJECTS\CastIt_9.0\Release\example_templateOut.html)
06/18/06  Info(c:\ed\castit_9.0\castitdlg.cpp:1137): 2/550/202
06/18/06  Info(c:\ed\castit_9.0\castitdlg.cpp:1150): 22475 seconds
06/18/06  Info(c:\ed\castit_9.0\castitdlg.cpp:1163): 176077
06/18/06  Info(c:\ed\castit_9.0\castitdlg.cpp:1175): 66316
06/18/06  Info(c:\ed\castit_9.0\castitdlg.cpp:1188): 64kbps
06/18/06  Info(c:\ed\castit_9.0\castitdlg.cpp:1196): 2
06/18/06  Error(c:\ed\castit_9.0\castitdlg.cpp:1684): ERROR Cannot open template out file
06/18/06  Error(c:\ed\castit_9.0\castitdlg.cpp:1706): Cannot find FTP Local FILE (D:\PROJECTS\CastIt_9.0\Release\example_templateOut.html)
06/18/06  Info(c:\ed\castit_9.0\castitdlg.cpp:1204): [0kbps] - [Quality 0] - [mono] - [0khz]
06/18/06  Info(c:\ed\castit_9.0\castitdlg.cpp:1213): 0/0/0
06/18/06  Error(c:\ed\castit_9.0\castitdlg.cpp:1684): ERROR Cannot open template out file
06/18/06  Error(c:\ed\castit_9.0\castitdlg.cpp:1706): Cannot find FTP Local FILE (D:\PROJECTS\CastIt_9.0\Release\example_templateOut.html)
06/18/06  Info(c:\ed\castit_9.0\castitdlg.cpp:1204): [128kbps] - [Quality 0] - [mono] - [0khz]
06/18/06  Info(c:\ed\castit_9.0\castitdlg.cpp:1213): 2/9/0
06/18/06  Error(c:\ed\castit_9.0\castitdlg.cpp:1684): ERROR Cannot open template out file
06/18/06  Error(c:\ed\castit_9.0\castitdlg.cpp:1706): Cannot find FTP Local FILE (D:\PROJECTS\CastIt_9.0\Release\example_templateOut.html)
06/18/06  Info(c:\ed\castit_9.0\castitdlg.cpp:1204): [40kbps] - [Quality 0] - [joint stereo] - [44100khz]
06/18/06  Info(c:\ed\castit_9.0\castitdlg.cpp:1213): 0/0/0
06/18/06  Error(c:\ed\castit_9.0\castitdlg.cpp:1684): ERROR Cannot open template out file
06/18/06  Error(c:\ed\castit_9.0\castitdlg.cpp:1706): Cannot find FTP Local FILE (D:\PROJECTS\CastIt_9.0\Release\example_templateOut.html)
06/18/06  Info(c:\ed\castit_9.0\castitdlg.cpp:1204): [0kbps] - [Quality 0] - [mono] - [0khz]
06/18/06  Info(c:\ed\castit_9.0\castitdlg.cpp:1213): 0/0/0
06/18/06  Error(c:\ed\castit_9.0\castitdlg.cpp:1684): ERROR Cannot open template out file
06/18/06  Error(c:\ed\castit_9.0\castitdlg.cpp:1706): Cannot find FTP Local FILE (D:\PROJECTS\CastIt_9.0\Release\example_templateOut.html)
06/18/06  Info(c:\ed\castit_9.0\castitdlg.cpp:1204): [128kbps] - [Quality 0] - [joint stereo] - [44100khz]
06/18/06  Info(c:\ed\castit_9.0\castitdlg.cpp:1213): 0/0/0
06/18/06  Error(c:\ed\castit_9.0\castitdlg.cpp:1684): ERROR Cannot open template out file
06/18/06  Error(c:\ed\castit_9.0\castitdlg.cpp:1706): Cannot find FTP Local FILE (D:\PROJECTS\CastIt_9.0\Release\example_templateOut.html)
06/18/06  Info(c:\ed\castit_9.0\castitdlg.cpp:1204): [32kbps] - [Quality 0] - [joint stereo] - [22050khz]
06/18/06  Info(c:\ed\castit_9.0\castitdlg.cpp:1213): 0/0/0
06/18/06  Error(c:\ed\castit_9.0\castitdlg.cpp:1684): ERROR Cannot open template out file
06/18/06  Error(c:\ed\castit_9.0\castitdlg.cpp:1706): Cannot find FTP Local FILE (D:\PROJECTS\CastIt_9.0\Release\example_templateOut.html)
06/18/06  Info(c:\ed\castit_9.0\castitdlg.cpp:1141): 0/5/0
06/18/06  Info(c:\ed\castit_9.0\castitdlg.cpp:1154): 0 seconds
06/18/06  Info(c:\ed\castit_9.0\castitdlg.cpp:1179): 0
06/18/06  Error(c:\ed\castit_9.0\castitdlg.cpp:1684): ERROR Cannot open template out file
06/18/06  Error(c:\ed\castit_9.0\castitdlg.cpp:1706): Cannot find FTP Local FILE (D:\PROJECTS\CastIt_9.0\Release\example_templateOut.html)
06/18/06  Info(c:\ed\castit_9.0\castitdlg.cpp:1137): 19/300/48
06/18/06  Info(c:\ed\castit_9.0\castitdlg.cpp:1150): 31175 seconds
06/18/06  Info(c:\ed\castit_9.0\castitdlg.cpp:1163): 190689
06/18/06  Info(c:\ed\castit_9.0\castitdlg.cpp:1175): 147167
06/18/06  Info(c:\ed\castit_9.0\castitdlg.cpp:1188): 128kbps
06/18/06  Info(c:\ed\castit_9.0\castitdlg.cpp:1196): 18
06/18/06  Error(c:\ed\castit_9.0\castitdlg.cpp:1684): ERROR Cannot open template out file
06/18/06  Error(c:\ed\castit_9.0\castitdlg.cpp:1706): Cannot find FTP Local FILE (D:\PROJECTS\CastIt_9.0\Release\example_templateOut.html)
06/18/06  Info(c:\ed\castit_9.0\castitdlg.cpp:1137): 2/550/202
06/18/06  Info(c:\ed\castit_9.0\castitdlg.cpp:1150): 22475 seconds
06/18/06  Info(c:\ed\castit_9.0\castitdlg.cpp:1163): 176083
06/18/06  Info(c:\ed\castit_9.0\castitdlg.cpp:1175): 66319
06/18/06  Info(c:\ed\castit_9.0\castitdlg.cpp:1188): 64kbps
06/18/06  Info(c:\ed\castit_9.0\castitdlg.cpp:1196): 2
06/18/06  Error(c:\ed\castit_9.0\castitdlg.cpp:1684): ERROR Cannot open template out file
06/18/06  Error(c:\ed\castit_9.0\castitdlg.cpp:1706): Cannot find FTP Local FILE (D:\PROJECTS\CastIt_9.0\Release\example_templateOut.html)
06/18/06  Info(c:\ed\castit_9.0\castitdlg.cpp:1204): [0kbps] - [Quality 0] - [mono] - [0khz]
06/18/06  Info(c:\ed\castit_9.0\castitdlg.cpp:1213): 0/0/0
06/18/06  Error(c:\ed\castit_9.0\castitdlg.cpp:1684): ERROR Cannot open template out file
06/18/06  Error(c:\ed\castit_9.0\castitdlg.cpp:1706): Cannot find FTP Local FILE (D:\PROJECTS\CastIt_9.0\Release\example_templateOut.html)
06/18/06  Info(c:\ed\castit_9.0\castitdlg.cpp:1204): [128kbps] - [Quality 0] - [mono] - [0khz]
06/18/06  Info(c:\ed\castit_9.0\castitdlg.cpp:1213): 2/9/0
06/18/06  Error(c:\ed\castit_9.0\castitdlg.cpp:1684): ERROR Cannot open template out file
06/18/06  Error(c:\ed\castit_9.0\castitdlg.cpp:1706): Cannot find FTP Local FILE (D:\PROJECTS\CastIt_9.0\Release\example_templateOut.html)
06/18/06  Info(c:\ed\castit_9.0\castitdlg.cpp:1204): [40kbps] - [Quality 0] - [joint stereo] - [44100khz]
06/18/06  Info(c:\ed\castit_9.0\castitdlg.cpp:1213): 0/0/0
06/18/06  Error(c:\ed\castit_9.0\castitdlg.cpp:1684): ERROR Cannot open template out file
06/18/06  Error(c:\ed\castit_9.0\castitdlg.cpp:1706): Cannot find FTP Local FILE (D:\PROJECTS\CastIt_9.0\Release\example_templateOut.html)
06/18/06  Info(c:\ed\castit_9.0\castitdlg.cpp:1204): [0kbps] - [Quality 0] - [mono] - [0khz]
06/18/06  Info(c:\ed\castit_9.0\castitdlg.cpp:1213): 0/0/0
06/18/06  Error(c:\ed\castit_9.0\castitdlg.cpp:1684): ERROR Cannot open template out file
06/18/06  Error(c:\ed\castit_9.0\castitdlg.cpp:1706): Cannot find FTP Local FILE (D:\PROJECTS\CastIt_9.0\Release\example_templateOut.html)
06/18/06  Info(c:\ed\castit_9.0\castitdlg.cpp:1204): [128kbps] - [Quality 0] - [joint stereo] - [44100khz]
06/18/06  Info(c:\ed\castit_9.0\castitdlg.cpp:1213): 0/0/0
06/18/06  Error(c:\ed\castit_9.0\castitdlg.cpp:1684): ERROR Cannot open template out file
06/18/06  Error(c:\ed\castit_9.0\castitdlg.cpp:1706): Cannot find FTP Local FILE (D:\PROJECTS\CastIt_9.0\Release\example_templateOut.html)
06/18/06  Info(c:\ed\castit_9.0\castitdlg.cpp:1204): [32kbps] - [Quality 0] - [joint stereo] - [22050khz]
06/18/06  Info(c:\ed\castit_9.0\castitdlg.cpp:1213): 0/0/0
06/18/06  Error(c:\ed\castit_9.0\castitdlg.cpp:1684): ERROR Cannot open template out file
06/18/06  Error(c:\ed\castit_9.0\castitdlg.cpp:1706): Cannot find FTP Local FILE (D:\PROJECTS\CastIt_9.0\Release\example_templateOut.html)
06/18/06  Info(c:\ed\castit_9.0\castitdlg.cpp:1141): 0/5/0
06/18/06  Info(c:\ed\castit_9.0\castitdlg.cpp:1154): 0 seconds
06/18/06  Info(c:\ed\castit_9.0\castitdlg.cpp:1179): 0
06/18/06  Error(c:\ed\castit_9.0\castitdlg.cpp:1684): ERROR Cannot open template out file
06/18/06  Error(c:\ed\castit_9.0\castitdlg.cpp:1706): Cannot find FTP Local FILE (D:\PROJECTS\CastIt_9.0\Release\example_templateOut.html)
06/18/06  Info(c:\ed\castit_9.0\castitdlg.cpp:1137): 19/300/48
06/18/06  Info(c:\ed\castit_9.0\castitdlg.cpp:1150): 31175 seconds
06/18/06  Info(c:\ed\castit_9.0\castitdlg.cpp:1163): 190696
06/18/06  Info(c:\ed\castit_9.0\castitdlg.cpp:1175): 147167
06/18/06  Info(c:\ed\castit_9.0\castitdlg.cpp:1188): 128kbps
06/18/06  Info(c:\ed\castit_9.0\castitdlg.cpp:1196): 18
06/18/06  Error(c:\ed\castit_9.0\castitdlg.cpp:1684): ERROR Cannot open template out file
06/18/06  Error(c:\ed\castit_9.0\castitdlg.cpp:1706): Cannot find FTP Local FILE (D:\PROJECTS\CastIt_9.0\Release\example_templateOut.html)
06/18/06  Info(c:\ed\castit_9.0\castitdlg.cpp:1137): 2/550/202
06/18/06  Info(c:\ed\castit_9.0\castitdlg.cpp:1150): 22475 seconds
06/18/06  Info(c:\ed\castit_9.0\castitdlg.cpp:1163): 176095
06/18/06  Info(c:\ed\castit_9.0\castitdlg.cpp:1175): 66324
06/18/06  Info(c:\ed\castit_9.0\castitdlg.cpp:1188): 64kbps
06/18/06  Info(c:\ed\castit_9.0\castitdlg.cpp:1196): 2
06/18/06  Error(c:\ed\castit_9.0\castitdlg.cpp:1684): ERROR Cannot open template out file
06/18/06  Error(c:\ed\castit_9.0\castitdlg.cpp:1706): Cannot find FTP Local FILE (D:\PROJECTS\CastIt_9.0\Release\example_templateOut.html)
06/18/06  Info(c:\ed\castit_9.0\castitdlg.cpp:1204): [0kbps] - [Quality 0] - [mono] - [0khz]
06/18/06  Info(c:\ed\castit_9.0\castitdlg.cpp:1213): 0/0/0
06/18/06  Error(c:\ed\castit_9.0\castitdlg.cpp:1684): ERROR Cannot open template out file
06/18/06  Error(c:\ed\castit_9.0\castitdlg.cpp:1706): Cannot find FTP Local FILE (D:\PROJECTS\CastIt_9.0\Release\example_templateOut.html)
06/18/06  Info(c:\ed\castit_9.0\castitdlg.cpp:1204): [128kbps] - [Quality 0] - [mono] - [0khz]
06/18/06  Info(c:\ed\castit_9.0\castitdlg.cpp:1213): 2/9/0
06/18/06  Error(c:\ed\castit_9.0\castitdlg.cpp:1684): ERROR Cannot open template out file
06/18/06  Error(c:\ed\castit_9.0\castitdlg.cpp:1706): Cannot find FTP Local FILE (D:\PROJECTS\CastIt_9.0\Release\example_templateOut.html)
06/18/06  Info(c:\ed\castit_9.0\castitdlg.cpp:1204): [40kbps] - [Quality 0] - [joint stereo] - [44100khz]
06/18/06  Info(c:\ed\castit_9.0\castitdlg.cpp:1213): 0/0/0
06/18/06  Error(c:\ed\castit_9.0\castitdlg.cpp:1684): ERROR Cannot open template out file
06/18/06  Error(c:\ed\castit_9.0\castitdlg.cpp:1706): Cannot find FTP Local FILE (D:\PROJECTS\CastIt_9.0\Release\example_templateOut.html)
06/18/06  Info(c:\ed\castit_9.0\castitdlg.cpp:1204): [0kbps] - [Quality 0] - [mono] - [0khz]
06/18/06  Info(c:\ed\castit_9.0\castitdlg.cpp:1213): 0/0/0
06/18/06  Error(c:\ed\castit_9.0\castitdlg.cpp:1684): ERROR Cannot open template out file
06/18/06  Error(c:\ed\castit_9.0\castitdlg.cpp:1706): Cannot find FTP Local FILE (D:\PROJECTS\CastIt_9.0\Release\example_templateOut.html)
06/18/06  Info(c:\ed\castit_9.0\castitdlg.cpp:1204): [128kbps] - [Quality 0] - [joint stereo] - [44100khz]
06/18/06  Info(c:\ed\castit_9.0\castitdlg.cpp:1213): 0/0/0
06/18/06  Error(c:\ed\castit_9.0\castitdlg.cpp:1684): ERROR Cannot open template out file
06/18/06  Error(c:\ed\castit_9.0\castitdlg.cpp:1706): Cannot find FTP Local FILE (D:\PROJECTS\CastIt_9.0\Release\example_templateOut.html)
06/18/06  Info(c:\ed\castit_9.0\castitdlg.cpp:1204): [32kbps] - [Quality 0] - [joint stereo] - [22050khz]
06/18/06  Info(c:\ed\castit_9.0\castitdlg.cpp:1213): 0/0/0
06/18/06  Error(c:\ed\castit_9.0\castitdlg.cpp:1684): ERROR Cannot open template out file
06/18/06  Error(c:\ed\castit_9.0\castitdlg.cpp:1706): Cannot find FTP Local FILE (D:\PROJECTS\CastIt_9.0\Release\example_templateOut.html)
06/18/06  Info(c:\ed\castit_9.0\castitdlg.cpp:1141): 0/5/0
06/18/06  Info(c:\ed\castit_9.0\castitdlg.cpp:1154): 0 seconds
06/18/06  Info(c:\ed\castit_9.0\castitdlg.cpp:1179): 0
06/18/06  Error(c:\ed\castit_9.0\castitdlg.cpp:1684): ERROR Cannot open template out file
06/18/06  Error(c:\ed\castit_9.0\castitdlg.cpp:1706): Cannot find FTP Local FILE (D:\PROJECTS\CastIt_9.0\Release\example_templateOut.html)
06/18/06  Info(c:\ed\castit_9.0\castitdlg.cpp:1137): 19/300/48
06/18/06  Info(c:\ed\castit_9.0\castitdlg.cpp:1150): 28549 seconds
06/18/06  Info(c:\ed\castit_9.0\castitdlg.cpp:1163): 190710
06/18/06  Info(c:\ed\castit_9.0\castitdlg.cpp:1175): 147169
06/18/06  Info(c:\ed\castit_9.0\castitdlg.cpp:1188): 128kbps
06/18/06  Info(c:\ed\castit_9.0\castitdlg.cpp:1200): 18
06/18/06  Error(c:\ed\castit_9.0\castitdlg.cpp:1697): ERROR Cannot open template out file
06/18/06  Error(c:\ed\castit_9.0\castitdlg.cpp:1719): Cannot find FTP Local FILE (D:\PROJECTS\CastIt_9.0\Release\example_templateOut.html)
06/18/06  Info(c:\ed\castit_9.0\castitdlg.cpp:1137): 2/550/202
06/18/06  Info(c:\ed\castit_9.0\castitdlg.cpp:1150): 22475 seconds
06/18/06  Info(c:\ed\castit_9.0\castitdlg.cpp:1163): 176127
06/18/06  Info(c:\ed\castit_9.0\castitdlg.cpp:1175): 66339
06/18/06  Info(c:\ed\castit_9.0\castitdlg.cpp:1188): 64kbps
06/18/06  Info(c:\ed\castit_9.0\castitdlg.cpp:1200): 2
06/18/06  Error(c:\ed\castit_9.0\castitdlg.cpp:1697): ERROR Cannot open template out file
06/18/06  Error(c:\ed\castit_9.0\castitdlg.cpp:1719): Cannot find FTP Local FILE (D:\PROJECTS\CastIt_9.0\Release\example_templateOut.html)
06/18/06  Info(c:\ed\castit_9.0\castitdlg.cpp:1212): [0kbps] - [Quality 0] - [mono] - [0khz]
06/18/06  Info(c:\ed\castit_9.0\castitdlg.cpp:1223): 0/0/0
06/18/06  Error(c:\ed\castit_9.0\castitdlg.cpp:1697): ERROR Cannot open template out file
06/18/06  Error(c:\ed\castit_9.0\castitdlg.cpp:1719): Cannot find FTP Local FILE (D:\PROJECTS\CastIt_9.0\Release\example_templateOut.html)
06/18/06  Info(c:\ed\castit_9.0\castitdlg.cpp:1212): [128kbps] - [Quality 0] - [mono] - [0khz]
06/18/06  Info(c:\ed\castit_9.0\castitdlg.cpp:1223): 2/9/0
06/18/06  Error(c:\ed\castit_9.0\castitdlg.cpp:1697): ERROR Cannot open template out file
06/18/06  Error(c:\ed\castit_9.0\castitdlg.cpp:1719): Cannot find FTP Local FILE (D:\PROJECTS\CastIt_9.0\Release\example_templateOut.html)
06/18/06  Info(c:\ed\castit_9.0\castitdlg.cpp:1212): [40kbps] - [Quality 0] - [joint stereo] - [44100khz]
06/18/06  Info(c:\ed\castit_9.0\castitdlg.cpp:1223): 0/0/0
06/18/06  Error(c:\ed\castit_9.0\castitdlg.cpp:1697): ERROR Cannot open template out file
06/18/06  Error(c:\ed\castit_9.0\castitdlg.cpp:1719): Cannot find FTP Local FILE (D:\PROJECTS\CastIt_9.0\Release\example_templateOut.html)
06/18/06  Info(c:\ed\castit_9.0\castitdlg.cpp:1212): [0kbps] - [Quality 0] - [mono] - [0khz]
06/18/06  Info(c:\ed\castit_9.0\castitdlg.cpp:1223): 0/0/0
06/18/06  Error(c:\ed\castit_9.0\castitdlg.cpp:1697): ERROR Cannot open template out file
06/18/06  Error(c:\ed\castit_9.0\castitdlg.cpp:1719): Cannot find FTP Local FILE (D:\PROJECTS\CastIt_9.0\Release\example_templateOut.html)
06/18/06  Info(c:\ed\castit_9.0\castitdlg.cpp:1212): [128kbps] - [Quality 0] - [joint stereo] - [44100khz]
06/18/06  Info(c:\ed\castit_9.0\castitdlg.cpp:1223): 0/0/0
06/18/06  Error(c:\ed\castit_9.0\castitdlg.cpp:1697): ERROR Cannot open template out file
06/18/06  Error(c:\ed\castit_9.0\castitdlg.cpp:1719): Cannot find FTP Local FILE (D:\PROJECTS\CastIt_9.0\Release\example_templateOut.html)
06/18/06  Info(c:\ed\castit_9.0\castitdlg.cpp:1212): [32kbps] - [Quality 0] - [joint stereo] - [22050khz]
06/18/06  Info(c:\ed\castit_9.0\castitdlg.cpp:1223): 0/0/0
06/18/06  Error(c:\ed\castit_9.0\castitdlg.cpp:1697): ERROR Cannot open template out file
06/18/06  Error(c:\ed\castit_9.0\castitdlg.cpp:1719): Cannot find FTP Local FILE (D:\PROJECTS\CastIt_9.0\Release\example_templateOut.html)
06/18/06  Info(c:\ed\castit_9.0\castitdlg.cpp:1141): 0/0/0
06/18/06  Info(c:\ed\castit_9.0\castitdlg.cpp:1154): 0 seconds
06/18/06  Info(c:\ed\castit_9.0\castitdlg.cpp:1179): 0
06/18/06  Info(c:\ed\castit_9.0\castitdlg.cpp:1195): 0kbps
06/18/06  Info(c:\ed\castit_9.0\castitdlg.cpp:1207): 0
06/18/06  Error(c:\ed\castit_9.0\castitdlg.cpp:1697): ERROR Cannot open template out file
06/18/06  Error(c:\ed\castit_9.0\castitdlg.cpp:1719): Cannot find FTP Local FILE (D:\PROJECTS\CastIt_9.0\Release\example_templateOut.html)
06/18/06  Info(c:\ed\castit_9.0\castitdlg.cpp:1137): 19/300/48
06/18/06  Info(c:\ed\castit_9.0\castitdlg.cpp:1150): 28549 seconds
06/18/06  Info(c:\ed\castit_9.0\castitdlg.cpp:1163): 190712
06/18/06  Info(c:\ed\castit_9.0\castitdlg.cpp:1175): 147169
06/18/06  Info(c:\ed\castit_9.0\castitdlg.cpp:1188): 128kbps
06/18/06  Info(c:\ed\castit_9.0\castitdlg.cpp:1200): 18
06/18/06  Error(c:\ed\castit_9.0\castitdlg.cpp:1697): ERROR Cannot open template out file
06/18/06  Error(c:\ed\castit_9.0\castitdlg.cpp:1719): Cannot find FTP Local FILE (D:\PROJECTS\CastIt_9.0\Release\example_templateOut.html)
06/18/06  Info(c:\ed\castit_9.0\castitdlg.cpp:1137): 2/550/202
06/18/06  Info(c:\ed\castit_9.0\castitdlg.cpp:1150): 22475 seconds
06/18/06  Info(c:\ed\castit_9.0\castitdlg.cpp:1163): 176132
06/18/06  Info(c:\ed\castit_9.0\castitdlg.cpp:1175): 66341
06/18/06  Info(c:\ed\castit_9.0\castitdlg.cpp:1188): 64kbps
06/18/06  Info(c:\ed\castit_9.0\castitdlg.cpp:1200): 2
06/18/06  Error(c:\ed\castit_9.0\castitdlg.cpp:1697): ERROR Cannot open template out file
06/18/06  Error(c:\ed\castit_9.0\castitdlg.cpp:1719): Cannot find FTP Local FILE (D:\PROJECTS\CastIt_9.0\Release\example_templateOut.html)
06/18/06  Info(c:\ed\castit_9.0\castitdlg.cpp:1212): [0kbps] - [Quality 0] - [mono] - [0khz]
06/18/06  Info(c:\ed\castit_9.0\castitdlg.cpp:1223): 0/0/0
06/18/06  Error(c:\ed\castit_9.0\castitdlg.cpp:1697): ERROR Cannot open template out file
06/18/06  Error(c:\ed\castit_9.0\castitdlg.cpp:1719): Cannot find FTP Local FILE (D:\PROJECTS\CastIt_9.0\Release\example_templateOut.html)
06/18/06  Info(c:\ed\castit_9.0\castitdlg.cpp:1212): [128kbps] - [Quality 0] - [mono] - [0khz]
06/18/06  Info(c:\ed\castit_9.0\castitdlg.cpp:1223): 2/9/0
06/18/06  Error(c:\ed\castit_9.0\castitdlg.cpp:1697): ERROR Cannot open template out file
06/18/06  Error(c:\ed\castit_9.0\castitdlg.cpp:1719): Cannot find FTP Local FILE (D:\PROJECTS\CastIt_9.0\Release\example_templateOut.html)
06/18/06  Info(c:\ed\castit_9.0\castitdlg.cpp:1212): [40kbps] - [Quality 0] - [joint stereo] - [44100khz]
06/18/06  Info(c:\ed\castit_9.0\castitdlg.cpp:1223): 0/0/0
06/18/06  Error(c:\ed\castit_9.0\castitdlg.cpp:1697): ERROR Cannot open template out file
06/18/06  Error(c:\ed\castit_9.0\castitdlg.cpp:1719): Cannot find FTP Local FILE (D:\PROJECTS\CastIt_9.0\Release\example_templateOut.html)
06/18/06  Info(c:\ed\castit_9.0\castitdlg.cpp:1212): [0kbps] - [Quality 0] - [mono] - [0khz]
06/18/06  Info(c:\ed\castit_9.0\castitdlg.cpp:1223): 0/0/0
06/18/06  Error(c:\ed\castit_9.0\castitdlg.cpp:1697): ERROR Cannot open template out file
06/18/06  Error(c:\ed\castit_9.0\castitdlg.cpp:1719): Cannot find FTP Local FILE (D:\PROJECTS\CastIt_9.0\Release\example_templateOut.html)
06/18/06  Info(c:\ed\castit_9.0\castitdlg.cpp:1212): [128kbps] - [Quality 0] - [joint stereo] - [44100khz]
06/18/06  Info(c:\ed\castit_9.0\castitdlg.cpp:1223): 0/0/0
06/18/06  Error(c:\ed\castit_9.0\castitdlg.cpp:1697): ERROR Cannot open template out file
06/18/06  Error(c:\ed\castit_9.0\castitdlg.cpp:1719): Cannot find FTP Local FILE (D:\PROJECTS\CastIt_9.0\Release\example_templateOut.html)
06/18/06  Info(c:\ed\castit_9.0\castitdlg.cpp:1212): [32kbps] - [Quality 0] - [joint stereo] - [22050khz]
06/18/06  Info(c:\ed\castit_9.0\castitdlg.cpp:1223): 0/0/0
06/18/06  Error(c:\ed\castit_9.0\castitdlg.cpp:1697): ERROR Cannot open template out file
06/18/06  Error(c:\ed\castit_9.0\castitdlg.cpp:1719): Cannot find FTP Local FILE (D:\PROJECTS\CastIt_9.0\Release\example_templateOut.html)
06/18/06  Info(c:\ed\castit_9.0\castitdlg.cpp:1141): 0/0/0
06/18/06  Info(c:\ed\castit_9.0\castitdlg.cpp:1154): 0 seconds
06/18/06  Info(c:\ed\castit_9.0\castitdlg.cpp:1179): 0
06/18/06  Info(c:\ed\castit_9.0\castitdlg.cpp:1195): 0kbps
06/18/06  Info(c:\ed\castit_9.0\castitdlg.cpp:1207): 0
06/18/06  Error(c:\ed\castit_9.0\castitdlg.cpp:1697): ERROR Cannot open template out file
06/18/06  Error(c:\ed\castit_9.0\castitdlg.cpp:1719): Cannot find FTP Local FILE (D:\PROJECTS\CastIt_9.0\Release\example_templateOut.html)
06/18/06  Info(c:\ed\castit_9.0\castitdlg.cpp:1141): 0/0/0
06/18/06  Info(c:\ed\castit_9.0\castitdlg.cpp:1154): 0 seconds
06/18/06  Info(c:\ed\castit_9.0\castitdlg.cpp:1179): 0
06/18/06  Info(c:\ed\castit_9.0\castitdlg.cpp:1195): 0kbps
06/18/06  Info(c:\ed\castit_9.0\castitdlg.cpp:1207): 0
06/18/06  Error(c:\ed\castit_9.0\castitdlg.cpp:1697): ERROR Cannot open template out file
06/18/06  Error(c:\ed\castit_9.0\castitdlg.cpp:1719): Cannot find FTP Local FILE (D:\PROJECTS\CastIt_9.0\Release\example_templateOut.html)
06/18/06  Info(c:\ed\castit_9.0\castitdlg.cpp:1141): 0/0/0
06/18/06  Info(c:\ed\castit_9.0\castitdlg.cpp:1154): 0 seconds
06/18/06  Info(c:\ed\castit_9.0\castitdlg.cpp:1179): 0
06/18/06  Info(c:\ed\castit_9.0\castitdlg.cpp:1195): 0kbps
06/18/06  Info(c:\ed\castit_9.0\castitdlg.cpp:1207): 0
06/18/06  Error(c:\ed\castit_9.0\castitdlg.cpp:1697): ERROR Cannot open template out file
06/18/06  Error(c:\ed\castit_9.0\castitdlg.cpp:1719): Cannot find FTP Local FILE (D:\PROJECTS\CastIt_9.0\Release\example_templateOut.html)
06/18/06  Info(c:\ed\castit_9.0\castitdlg.cpp:1137): 20/300/48
06/18/06  Info(c:\ed\castit_9.0\castitdlg.cpp:1150): 28549 seconds
06/18/06  Info(c:\ed\castit_9.0\castitdlg.cpp:1163): 190716
06/18/06  Info(c:\ed\castit_9.0\castitdlg.cpp:1175): 147170
06/18/06  Info(c:\ed\castit_9.0\castitdlg.cpp:1188): 128kbps
06/18/06  Info(c:\ed\castit_9.0\castitdlg.cpp:1200): 19
06/18/06  Error(c:\ed\castit_9.0\castitdlg.cpp:1697): ERROR Cannot open template out file
06/18/06  Error(c:\ed\castit_9.0\castitdlg.cpp:1719): Cannot find FTP Local FILE (D:\PROJECTS\CastIt_9.0\Release\example_templateOut.html)
06/18/06  Info(c:\ed\castit_9.0\castitdlg.cpp:1137): 2/550/202
06/18/06  Info(c:\ed\castit_9.0\castitdlg.cpp:1150): 22475 seconds
06/18/06  Info(c:\ed\castit_9.0\castitdlg.cpp:1163): 176147
06/18/06  Info(c:\ed\castit_9.0\castitdlg.cpp:1175): 66356
06/18/06  Info(c:\ed\castit_9.0\castitdlg.cpp:1188): 64kbps
06/18/06  Info(c:\ed\castit_9.0\castitdlg.cpp:1200): 2
06/18/06  Error(c:\ed\castit_9.0\castitdlg.cpp:1697): ERROR Cannot open template out file
06/18/06  Error(c:\ed\castit_9.0\castitdlg.cpp:1719): Cannot find FTP Local FILE (D:\PROJECTS\CastIt_9.0\Release\example_templateOut.html)
06/18/06  Info(c:\ed\castit_9.0\castitdlg.cpp:1212): [0kbps] - [Quality 0] - [mono] - [0khz]
06/18/06  Info(c:\ed\castit_9.0\castitdlg.cpp:1223): 0/0/0
06/18/06  Error(c:\ed\castit_9.0\castitdlg.cpp:1697): ERROR Cannot open template out file
06/18/06  Error(c:\ed\castit_9.0\castitdlg.cpp:1719): Cannot find FTP Local FILE (D:\PROJECTS\CastIt_9.0\Release\example_templateOut.html)
06/18/06  Info(c:\ed\castit_9.0\castitdlg.cpp:1212): [128kbps] - [Quality 0] - [mono] - [0khz]
06/18/06  Info(c:\ed\castit_9.0\castitdlg.cpp:1223): 2/9/0
06/18/06  Error(c:\ed\castit_9.0\castitdlg.cpp:1697): ERROR Cannot open template out file
06/18/06  Error(c:\ed\castit_9.0\castitdlg.cpp:1719): Cannot find FTP Local FILE (D:\PROJECTS\CastIt_9.0\Release\example_templateOut.html)
06/18/06  Info(c:\ed\castit_9.0\castitdlg.cpp:1212): [40kbps] - [Quality 0] - [joint stereo] - [44100khz]
06/18/06  Info(c:\ed\castit_9.0\castitdlg.cpp:1223): 0/0/0
06/18/06  Error(c:\ed\castit_9.0\castitdlg.cpp:1697): ERROR Cannot open template out file
06/18/06  Error(c:\ed\castit_9.0\castitdlg.cpp:1719): Cannot find FTP Local FILE (D:\PROJECTS\CastIt_9.0\Release\example_templateOut.html)
06/18/06  Info(c:\ed\castit_9.0\castitdlg.cpp:1212): [0kbps] - [Quality 0] - [mono] - [0khz]
06/18/06  Info(c:\ed\castit_9.0\castitdlg.cpp:1223): 0/0/0
06/18/06  Error(c:\ed\castit_9.0\castitdlg.cpp:1697): ERROR Cannot open template out file
06/18/06  Error(c:\ed\castit_9.0\castitdlg.cpp:1719): Cannot find FTP Local FILE (D:\PROJECTS\CastIt_9.0\Release\example_templateOut.html)
06/18/06  Info(c:\ed\castit_9.0\castitdlg.cpp:1212): [128kbps] - [Quality 0] - [joint stereo] - [44100khz]
06/18/06  Info(c:\ed\castit_9.0\castitdlg.cpp:1223): 0/0/0
06/18/06  Error(c:\ed\castit_9.0\castitdlg.cpp:1697): ERROR Cannot open template out file
06/18/06  Error(c:\ed\castit_9.0\castitdlg.cpp:1719): Cannot find FTP Local FILE (D:\PROJECTS\CastIt_9.0\Release\example_templateOut.html)
06/18/06  Info(c:\ed\castit_9.0\castitdlg.cpp:1212): [32kbps] - [Quality 0] - [joint stereo] - [22050khz]
06/18/06  Info(c:\ed\castit_9.0\castitdlg.cpp:1223): 0/0/0
06/18/06  Error(c:\ed\castit_9.0\castitdlg.cpp:1697): ERROR Cannot open template out file
06/18/06  Error(c:\ed\castit_9.0\castitdlg.cpp:1719): Cannot find FTP Local FILE (D:\PROJECTS\CastIt_9.0\Release\example_templateOut.html)
06/18/06  Info(c:\ed\castit_9.0\castitdlg.cpp:1141): 0/5/0
06/18/06  Info(c:\ed\castit_9.0\castitdlg.cpp:1154): 0 seconds
06/18/06  Info(c:\ed\castit_9.0\castitdlg.cpp:1179): 0
06/18/06  Info(c:\ed\castit_9.0\castitdlg.cpp:1195): 89kbps
06/18/06  Info(c:\ed\castit_9.0\castitdlg.cpp:1207): 0
06/18/06  Error(c:\ed\castit_9.0\castitdlg.cpp:1697): ERROR Cannot open template out file
06/18/06  Error(c:\ed\castit_9.0\castitdlg.cpp:1719): Cannot find FTP Local FILE (D:\PROJECTS\CastIt_9.0\Release\example_templateOut.html)
